<?xml version="1.0" encoding="UTF-8"?>
<testsuite xmlns:xsi="http://www.w3.org/2001/XMLSchema-instance" xsi:noNamespaceSchemaLocation="https://maven.apache.org/surefire/maven-surefire-plugin/xsd/surefire-test-report.xsd" version="3.0.2" name="hellocucumber.RunCucumberTest" time="0.088" tests="0" errors="0" skipped="0" failures="0">
  <properties>
    <property name="java.specification.version" value="23"/>
    <property name="sun.jnu.encoding" value="UTF-8"/>
    <property name="java.class.path" value="/Users/danielqasemiani/Desktop/Cyber_Tech/semester 4/02161 Software Engineering 1/Software project/SE-projekt/javaFX_project/target/test-classes:/Users/danielqasemiani/.m2/repository/io/cucumber/cucumber-java/7.20.1/cucumber-java-7.20.1.jar:/Users/danielqasemiani/.m2/repository/io/cucumber/cucumber-core/7.20.1/cucumber-core-7.20.1.jar:/Users/danielqasemiani/.m2/repository/io/cucumber/cucumber-gherkin/7.20.1/cucumber-gherkin-7.20.1.jar:/Users/danielqasemiani/.m2/repository/io/cucumber/cucumber-gherkin-messages/7.20.1/cucumber-gherkin-messages-7.20.1.jar:/Users/danielqasemiani/.m2/repository/io/cucumber/gherkin/28.0.0/gherkin-28.0.0.jar:/Users/danielqasemiani/.m2/repository/io/cucumber/messages/24.1.0/messages-24.1.0.jar:/Users/danielqasemiani/.m2/repository/io/cucumber/testng-xml-formatter/0.2.0/testng-xml-formatter-0.2.0.jar:/Users/danielqasemiani/.m2/repository/io/cucumber/query/12.2.0/query-12.2.0.jar:/Users/danielqasemiani/.m2/repository/io/cucumber/tag-expressions/6.1.0/tag-expressions-6.1.0.jar:/Users/danielqasemiani/.m2/repository/io/cucumber/cucumber-expressions/17.1.0/cucumber-expressions-17.1.0.jar:/Users/danielqasemiani/.m2/repository/io/cucumber/datatable/7.20.1/datatable-7.20.1.jar:/Users/danielqasemiani/.m2/repository/io/cucumber/cucumber-plugin/7.20.1/cucumber-plugin-7.20.1.jar:/Users/danielqasemiani/.m2/repository/io/cucumber/docstring/7.20.1/docstring-7.20.1.jar:/Users/danielqasemiani/.m2/repository/io/cucumber/html-formatter/21.7.0/html-formatter-21.7.0.jar:/Users/danielqasemiani/.m2/repository/io/cucumber/junit-xml-formatter/0.5.0/junit-xml-formatter-0.5.0.jar:/Users/danielqasemiani/.m2/repository/io/cucumber/ci-environment/10.0.1/ci-environment-10.0.1.jar:/Users/danielqasemiani/.m2/repository/org/apiguardian/apiguardian-api/1.1.2/apiguardian-api-1.1.2.jar:/Users/danielqasemiani/.m2/repository/io/cucumber/cucumber-junit-platform-engine/7.20.1/cucumber-junit-platform-engine-7.20.1.jar:/Users/danielqasemiani/.m2/repository/org/junit/platform/junit-platform-engine/1.11.2/junit-platform-engine-1.11.2.jar:/Users/danielqasemiani/.m2/repository/org/opentest4j/opentest4j/1.3.0/opentest4j-1.3.0.jar:/Users/danielqasemiani/.m2/repository/org/junit/platform/junit-platform-commons/1.11.2/junit-platform-commons-1.11.2.jar:/Users/danielqasemiani/.m2/repository/org/junit/platform/junit-platform-suite/1.11.2/junit-platform-suite-1.11.2.jar:/Users/danielqasemiani/.m2/repository/org/junit/platform/junit-platform-suite-api/1.11.2/junit-platform-suite-api-1.11.2.jar:/Users/danielqasemiani/.m2/repository/org/junit/platform/junit-platform-suite-engine/1.11.2/junit-platform-suite-engine-1.11.2.jar:/Users/danielqasemiani/.m2/repository/org/junit/platform/junit-platform-suite-commons/1.11.2/junit-platform-suite-commons-1.11.2.jar:/Users/danielqasemiani/.m2/repository/org/junit/platform/junit-platform-launcher/1.11.2/junit-platform-launcher-1.11.2.jar:/Users/danielqasemiani/.m2/repository/org/junit/jupiter/junit-jupiter/5.11.2/junit-jupiter-5.11.2.jar:/Users/danielqasemiani/.m2/repository/org/junit/jupiter/junit-jupiter-api/5.11.2/junit-jupiter-api-5.11.2.jar:/Users/danielqasemiani/.m2/repository/org/junit/jupiter/junit-jupiter-params/5.11.2/junit-jupiter-params-5.11.2.jar:/Users/danielqasemiani/.m2/repository/org/junit/jupiter/junit-jupiter-engine/5.11.2/junit-jupiter-engine-5.11.2.jar:/Users/danielqasemiani/.m2/repository/org/mockito/mockito-core/5.15.2/mockito-core-5.15.2.jar:/Users/danielqasemiani/.m2/repository/net/bytebuddy/byte-buddy/1.15.11/byte-buddy-1.15.11.jar:/Users/danielqasemiani/.m2/repository/net/bytebuddy/byte-buddy-agent/1.15.11/byte-buddy-agent-1.15.11.jar:/Users/danielqasemiani/.m2/repository/org/objenesis/objenesis/3.3/objenesis-3.3.jar:/Users/danielqasemiani/.m2/repository/org/openjfx/javafx-controls/23-ea+3/javafx-controls-23-ea+3.jar:/Users/danielqasemiani/.m2/repository/org/openjfx/javafx-graphics/23-ea+3/javafx-graphics-23-ea+3.jar:/Users/danielqasemiani/.m2/repository/org/openjfx/javafx-base/23-ea+3/javafx-base-23-ea+3.jar:/Users/danielqasemiani/.m2/repository/org/openjfx/javafx-fxml/23-ea+3/javafx-fxml-23-ea+3.jar:"/>
    <property name="java.vm.vendor" value="Homebrew"/>
    <property name="sun.arch.data.model" value="64"/>
    <property name="java.vendor.url" value="https://github.com/Homebrew/homebrew-core/issues"/>
    <property name="user.timezone" value="Europe/Copenhagen"/>
    <property name="os.name" value="Mac OS X"/>
    <property name="java.vm.specification.version" value="23"/>
    <property name="sun.java.launcher" value="SUN_STANDARD"/>
    <property name="user.country" value="DK"/>
    <property name="sun.boot.library.path" value="/opt/homebrew/Cellar/openjdk/23.0.2/libexec/openjdk.jdk/Contents/Home/lib"/>
    <property name="sun.java.command" value="org.apache.maven.surefire.booter.ForkedBooter /Users/danielqasemiani/Desktop/Cyber_Tech/semester 4/02161 Software Engineering 1/Software project/SE-projekt/javaFX_project/target/surefire 2025-05-10T16-44-55_153-jvmRun1 surefire-20250510164455831_1tmp surefire_0-20250510164455831_2tmp"/>
    <property name="http.nonProxyHosts" value="local|*.local|169.254/16|*.169.254/16"/>
    <property name="jdk.debug" value="release"/>
    <property name="surefire.test.class.path" value="/Users/danielqasemiani/Desktop/Cyber_Tech/semester 4/02161 Software Engineering 1/Software project/SE-projekt/javaFX_project/target/test-classes:/Users/danielqasemiani/.m2/repository/io/cucumber/cucumber-java/7.20.1/cucumber-java-7.20.1.jar:/Users/danielqasemiani/.m2/repository/io/cucumber/cucumber-core/7.20.1/cucumber-core-7.20.1.jar:/Users/danielqasemiani/.m2/repository/io/cucumber/cucumber-gherkin/7.20.1/cucumber-gherkin-7.20.1.jar:/Users/danielqasemiani/.m2/repository/io/cucumber/cucumber-gherkin-messages/7.20.1/cucumber-gherkin-messages-7.20.1.jar:/Users/danielqasemiani/.m2/repository/io/cucumber/gherkin/28.0.0/gherkin-28.0.0.jar:/Users/danielqasemiani/.m2/repository/io/cucumber/messages/24.1.0/messages-24.1.0.jar:/Users/danielqasemiani/.m2/repository/io/cucumber/testng-xml-formatter/0.2.0/testng-xml-formatter-0.2.0.jar:/Users/danielqasemiani/.m2/repository/io/cucumber/query/12.2.0/query-12.2.0.jar:/Users/danielqasemiani/.m2/repository/io/cucumber/tag-expressions/6.1.0/tag-expressions-6.1.0.jar:/Users/danielqasemiani/.m2/repository/io/cucumber/cucumber-expressions/17.1.0/cucumber-expressions-17.1.0.jar:/Users/danielqasemiani/.m2/repository/io/cucumber/datatable/7.20.1/datatable-7.20.1.jar:/Users/danielqasemiani/.m2/repository/io/cucumber/cucumber-plugin/7.20.1/cucumber-plugin-7.20.1.jar:/Users/danielqasemiani/.m2/repository/io/cucumber/docstring/7.20.1/docstring-7.20.1.jar:/Users/danielqasemiani/.m2/repository/io/cucumber/html-formatter/21.7.0/html-formatter-21.7.0.jar:/Users/danielqasemiani/.m2/repository/io/cucumber/junit-xml-formatter/0.5.0/junit-xml-formatter-0.5.0.jar:/Users/danielqasemiani/.m2/repository/io/cucumber/ci-environment/10.0.1/ci-environment-10.0.1.jar:/Users/danielqasemiani/.m2/repository/org/apiguardian/apiguardian-api/1.1.2/apiguardian-api-1.1.2.jar:/Users/danielqasemiani/.m2/repository/io/cucumber/cucumber-junit-platform-engine/7.20.1/cucumber-junit-platform-engine-7.20.1.jar:/Users/danielqasemiani/.m2/repository/org/junit/platform/junit-platform-engine/1.11.2/junit-platform-engine-1.11.2.jar:/Users/danielqasemiani/.m2/repository/org/opentest4j/opentest4j/1.3.0/opentest4j-1.3.0.jar:/Users/danielqasemiani/.m2/repository/org/junit/platform/junit-platform-commons/1.11.2/junit-platform-commons-1.11.2.jar:/Users/danielqasemiani/.m2/repository/org/junit/platform/junit-platform-suite/1.11.2/junit-platform-suite-1.11.2.jar:/Users/danielqasemiani/.m2/repository/org/junit/platform/junit-platform-suite-api/1.11.2/junit-platform-suite-api-1.11.2.jar:/Users/danielqasemiani/.m2/repository/org/junit/platform/junit-platform-suite-engine/1.11.2/junit-platform-suite-engine-1.11.2.jar:/Users/danielqasemiani/.m2/repository/org/junit/platform/junit-platform-suite-commons/1.11.2/junit-platform-suite-commons-1.11.2.jar:/Users/danielqasemiani/.m2/repository/org/junit/platform/junit-platform-launcher/1.11.2/junit-platform-launcher-1.11.2.jar:/Users/danielqasemiani/.m2/repository/org/junit/jupiter/junit-jupiter/5.11.2/junit-jupiter-5.11.2.jar:/Users/danielqasemiani/.m2/repository/org/junit/jupiter/junit-jupiter-api/5.11.2/junit-jupiter-api-5.11.2.jar:/Users/danielqasemiani/.m2/repository/org/junit/jupiter/junit-jupiter-params/5.11.2/junit-jupiter-params-5.11.2.jar:/Users/danielqasemiani/.m2/repository/org/junit/jupiter/junit-jupiter-engine/5.11.2/junit-jupiter-engine-5.11.2.jar:/Users/danielqasemiani/.m2/repository/org/mockito/mockito-core/5.15.2/mockito-core-5.15.2.jar:/Users/danielqasemiani/.m2/repository/net/bytebuddy/byte-buddy/1.15.11/byte-buddy-1.15.11.jar:/Users/danielqasemiani/.m2/repository/net/bytebuddy/byte-buddy-agent/1.15.11/byte-buddy-agent-1.15.11.jar:/Users/danielqasemiani/.m2/repository/org/objenesis/objenesis/3.3/objenesis-3.3.jar:/Users/danielqasemiani/.m2/repository/org/openjfx/javafx-controls/23-ea+3/javafx-controls-23-ea+3.jar:/Users/danielqasemiani/.m2/repository/org/openjfx/javafx-graphics/23-ea+3/javafx-graphics-23-ea+3.jar:/Users/danielqasemiani/.m2/repository/org/openjfx/javafx-base/23-ea+3/javafx-base-23-ea+3.jar:/Users/danielqasemiani/.m2/repository/org/openjfx/javafx-fxml/23-ea+3/javafx-fxml-23-ea+3.jar:"/>
    <property name="sun.cpu.endian" value="little"/>
    <property name="user.home" value="/Users/danielqasemiani"/>
    <property name="user.language" value="en"/>
    <property name="java.specification.vendor" value="Oracle Corporation"/>
    <property name="jdk.module.path" value="/Users/danielqasemiani/Desktop/Cyber_Tech/semester 4/02161 Software Engineering 1/Software project/SE-projekt/javaFX_project/target/classes:/Users/danielqasemiani/.m2/repository/org/openjfx/javafx-controls/23-ea+3/javafx-controls-23-ea+3-mac-aarch64.jar:/Users/danielqasemiani/.m2/repository/org/openjfx/javafx-graphics/23-ea+3/javafx-graphics-23-ea+3-mac-aarch64.jar:/Users/danielqasemiani/.m2/repository/org/openjfx/javafx-base/23-ea+3/javafx-base-23-ea+3-mac-aarch64.jar:/Users/danielqasemiani/.m2/repository/org/openjfx/javafx-fxml/23-ea+3/javafx-fxml-23-ea+3-mac-aarch64.jar"/>
    <property name="java.version.date" value="2025-01-21"/>
    <property name="java.home" value="/opt/homebrew/Cellar/openjdk/23.0.2/libexec/openjdk.jdk/Contents/Home"/>
    <property name="file.separator" value="/"/>
    <property name="basedir" value="/Users/danielqasemiani/Desktop/Cyber_Tech/semester 4/02161 Software Engineering 1/Software project/SE-projekt/javaFX_project"/>
    <property name="java.vm.compressedOopsMode" value="Zero based"/>
    <property name="line.separator" value="&#10;"/>
    <property name="java.vm.specification.vendor" value="Oracle Corporation"/>
    <property name="java.specification.name" value="Java Platform API Specification"/>
    <property name="apple.awt.application.name" value="ForkedBooter"/>
    <property name="surefire.real.class.path" value="/Users/danielqasemiani/.m2/repository/org/apache/maven/surefire/surefire-booter/3.5.1/surefire-booter-3.5.1.jar:/Users/danielqasemiani/.m2/repository/org/apache/maven/surefire/surefire-api/3.5.1/surefire-api-3.5.1.jar:/Users/danielqasemiani/.m2/repository/org/apache/maven/surefire/surefire-extensions-spi/3.5.1/surefire-extensions-spi-3.5.1.jar:/Users/danielqasemiani/.m2/repository/org/apache/maven/surefire/surefire-shared-utils/3.5.1/surefire-shared-utils-3.5.1.jar:/Users/danielqasemiani/.m2/repository/org/apache/maven/surefire/surefire-logger-api/3.5.1/surefire-logger-api-3.5.1.jar:/Users/danielqasemiani/Desktop/Cyber_Tech/semester 4/02161 Software Engineering 1/Software project/SE-projekt/javaFX_project/target/test-classes:/Users/danielqasemiani/.m2/repository/io/cucumber/cucumber-java/7.20.1/cucumber-java-7.20.1.jar:/Users/danielqasemiani/.m2/repository/io/cucumber/cucumber-core/7.20.1/cucumber-core-7.20.1.jar:/Users/danielqasemiani/.m2/repository/io/cucumber/cucumber-gherkin/7.20.1/cucumber-gherkin-7.20.1.jar:/Users/danielqasemiani/.m2/repository/io/cucumber/cucumber-gherkin-messages/7.20.1/cucumber-gherkin-messages-7.20.1.jar:/Users/danielqasemiani/.m2/repository/io/cucumber/gherkin/28.0.0/gherkin-28.0.0.jar:/Users/danielqasemiani/.m2/repository/io/cucumber/messages/24.1.0/messages-24.1.0.jar:/Users/danielqasemiani/.m2/repository/io/cucumber/testng-xml-formatter/0.2.0/testng-xml-formatter-0.2.0.jar:/Users/danielqasemiani/.m2/repository/io/cucumber/query/12.2.0/query-12.2.0.jar:/Users/danielqasemiani/.m2/repository/io/cucumber/tag-expressions/6.1.0/tag-expressions-6.1.0.jar:/Users/danielqasemiani/.m2/repository/io/cucumber/cucumber-expressions/17.1.0/cucumber-expressions-17.1.0.jar:/Users/danielqasemiani/.m2/repository/io/cucumber/datatable/7.20.1/datatable-7.20.1.jar:/Users/danielqasemiani/.m2/repository/io/cucumber/cucumber-plugin/7.20.1/cucumber-plugin-7.20.1.jar:/Users/danielqasemiani/.m2/repository/io/cucumber/docstring/7.20.1/docstring-7.20.1.jar:/Users/danielqasemiani/.m2/repository/io/cucumber/html-formatter/21.7.0/html-formatter-21.7.0.jar:/Users/danielqasemiani/.m2/repository/io/cucumber/junit-xml-formatter/0.5.0/junit-xml-formatter-0.5.0.jar:/Users/danielqasemiani/.m2/repository/io/cucumber/ci-environment/10.0.1/ci-environment-10.0.1.jar:/Users/danielqasemiani/.m2/repository/org/apiguardian/apiguardian-api/1.1.2/apiguardian-api-1.1.2.jar:/Users/danielqasemiani/.m2/repository/io/cucumber/cucumber-junit-platform-engine/7.20.1/cucumber-junit-platform-engine-7.20.1.jar:/Users/danielqasemiani/.m2/repository/org/junit/platform/junit-platform-engine/1.11.2/junit-platform-engine-1.11.2.jar:/Users/danielqasemiani/.m2/repository/org/opentest4j/opentest4j/1.3.0/opentest4j-1.3.0.jar:/Users/danielqasemiani/.m2/repository/org/junit/platform/junit-platform-commons/1.11.2/junit-platform-commons-1.11.2.jar:/Users/danielqasemiani/.m2/repository/org/junit/platform/junit-platform-suite/1.11.2/junit-platform-suite-1.11.2.jar:/Users/danielqasemiani/.m2/repository/org/junit/platform/junit-platform-suite-api/1.11.2/junit-platform-suite-api-1.11.2.jar:/Users/danielqasemiani/.m2/repository/org/junit/platform/junit-platform-suite-engine/1.11.2/junit-platform-suite-engine-1.11.2.jar:/Users/danielqasemiani/.m2/repository/org/junit/platform/junit-platform-suite-commons/1.11.2/junit-platform-suite-commons-1.11.2.jar:/Users/danielqasemiani/.m2/repository/org/junit/platform/junit-platform-launcher/1.11.2/junit-platform-launcher-1.11.2.jar:/Users/danielqasemiani/.m2/repository/org/junit/jupiter/junit-jupiter/5.11.2/junit-jupiter-5.11.2.jar:/Users/danielqasemiani/.m2/repository/org/junit/jupiter/junit-jupiter-api/5.11.2/junit-jupiter-api-5.11.2.jar:/Users/danielqasemiani/.m2/repository/org/junit/jupiter/junit-jupiter-params/5.11.2/junit-jupiter-params-5.11.2.jar:/Users/danielqasemiani/.m2/repository/org/junit/jupiter/junit-jupiter-engine/5.11.2/junit-jupiter-engine-5.11.2.jar:/Users/danielqasemiani/.m2/repository/org/mockito/mockito-core/5.15.2/mockito-core-5.15.2.jar:/Users/danielqasemiani/.m2/repository/net/bytebuddy/byte-buddy/1.15.11/byte-buddy-1.15.11.jar:/Users/danielqasemiani/.m2/repository/net/bytebuddy/byte-buddy-agent/1.15.11/byte-buddy-agent-1.15.11.jar:/Users/danielqasemiani/.m2/repository/org/objenesis/objenesis/3.3/objenesis-3.3.jar:/Users/danielqasemiani/.m2/repository/org/openjfx/javafx-controls/23-ea+3/javafx-controls-23-ea+3.jar:/Users/danielqasemiani/.m2/repository/org/openjfx/javafx-graphics/23-ea+3/javafx-graphics-23-ea+3.jar:/Users/danielqasemiani/.m2/repository/org/openjfx/javafx-base/23-ea+3/javafx-base-23-ea+3.jar:/Users/danielqasemiani/.m2/repository/org/openjfx/javafx-fxml/23-ea+3/javafx-fxml-23-ea+3.jar:/Users/danielqasemiani/.m2/repository/org/apache/maven/surefire/surefire-junit-platform/3.5.1/surefire-junit-platform-3.5.1.jar:/Users/danielqasemiani/.m2/repository/org/apache/maven/surefire/common-java5/3.5.1/common-java5-3.5.1.jar"/>
    <property name="sun.management.compiler" value="HotSpot 64-Bit Tiered Compilers"/>
    <property name="ftp.nonProxyHosts" value="local|*.local|169.254/16|*.169.254/16"/>
    <property name="java.runtime.version" value="23.0.2"/>
    <property name="user.name" value="danielqasemiani"/>
    <property name="stdout.encoding" value="UTF-8"/>
    <property name="path.separator" value=":"/>
    <property name="os.version" value="15.3.2"/>
    <property name="java.runtime.name" value="OpenJDK Runtime Environment"/>
    <property name="file.encoding" value="UTF-8"/>
    <property name="java.vm.name" value="OpenJDK 64-Bit Server VM"/>
    <property name="java.vendor.version" value="Homebrew"/>
    <property name="localRepository" value="/Users/danielqasemiani/.m2/repository"/>
    <property name="java.vendor.url.bug" value="https://github.com/Homebrew/homebrew-core/issues"/>
    <property name="java.io.tmpdir" value="/var/folders/b8/cgxx5nmn4d57z4t8wty30np40000gn/T/"/>
    <property name="java.version" value="23.0.2"/>
    <property name="user.dir" value="/Users/danielqasemiani/Desktop/Cyber_Tech/semester 4/02161 Software Engineering 1/Software project/SE-projekt/javaFX_project"/>
    <property name="os.arch" value="aarch64"/>
    <property name="java.vm.specification.name" value="Java Virtual Machine Specification"/>
    <property name="native.encoding" value="UTF-8"/>
    <property name="java.library.path" value="/Users/danielqasemiani/Library/Java/Extensions:/Library/Java/Extensions:/Network/Library/Java/Extensions:/System/Library/Java/Extensions:/usr/lib/java:."/>
    <property name="java.vm.info" value="mixed mode"/>
    <property name="stderr.encoding" value="UTF-8"/>
    <property name="java.vendor" value="Homebrew"/>
    <property name="java.vm.version" value="23.0.2"/>
    <property name="sun.io.unicode.encoding" value="UnicodeBig"/>
    <property name="socksNonProxyHosts" value="local|*.local|169.254/16|*.169.254/16"/>
    <property name="java.class.version" value="67.0"/>
  </properties>
</testsuite>