<?xml version="1.0" encoding="UTF-8"?>
<testsuite xmlns:xsi="http://www.w3.org/2001/XMLSchema-instance" xsi:noNamespaceSchemaLocation="https://maven.apache.org/surefire/maven-surefire-plugin/xsd/surefire-test-report.xsd" version="3.0.2" name="io.cucumber.junit.platform.engine.CucumberTestEngine" time="0.191" tests="10" errors="0" skipped="0" failures="0">
  <properties>
    <property name="java.specification.version" value="23"/>
    <property name="sun.jnu.encoding" value="UTF-8"/>
    <property name="java.class.path" value="/Users/danielqasemiani/Desktop/Cyber_Tech/semester 4/02161 Software Engineering 1/Software project/SE-projekt/javaFX_project/target/test-classes:/Users/danielqasemiani/.m2/repository/io/cucumber/cucumber-java/7.20.1/cucumber-java-7.20.1.jar:/Users/danielqasemiani/.m2/repository/io/cucumber/cucumber-core/7.20.1/cucumber-core-7.20.1.jar:/Users/danielqasemiani/.m2/repository/io/cucumber/cucumber-gherkin/7.20.1/cucumber-gherkin-7.20.1.jar:/Users/danielqasemiani/.m2/repository/io/cucumber/cucumber-gherkin-messages/7.20.1/cucumber-gherkin-messages-7.20.1.jar:/Users/danielqasemiani/.m2/repository/io/cucumber/gherkin/28.0.0/gherkin-28.0.0.jar:/Users/danielqasemiani/.m2/repository/io/cucumber/messages/24.1.0/messages-24.1.0.jar:/Users/danielqasemiani/.m2/repository/io/cucumber/testng-xml-formatter/0.2.0/testng-xml-formatter-0.2.0.jar:/Users/danielqasemiani/.m2/repository/io/cucumber/query/12.2.0/query-12.2.0.jar:/Users/danielqasemiani/.m2/repository/io/cucumber/tag-expressions/6.1.0/tag-expressions-6.1.0.jar:/Users/danielqasemiani/.m2/repository/io/cucumber/cucumber-expressions/17.1.0/cucumber-expressions-17.1.0.jar:/Users/danielqasemiani/.m2/repository/io/cucumber/datatable/7.20.1/datatable-7.20.1.jar:/Users/danielqasemiani/.m2/repository/io/cucumber/cucumber-plugin/7.20.1/cucumber-plugin-7.20.1.jar:/Users/danielqasemiani/.m2/repository/io/cucumber/docstring/7.20.1/docstring-7.20.1.jar:/Users/danielqasemiani/.m2/repository/io/cucumber/html-formatter/21.7.0/html-formatter-21.7.0.jar:/Users/danielqasemiani/.m2/repository/io/cucumber/junit-xml-formatter/0.5.0/junit-xml-formatter-0.5.0.jar:/Users/danielqasemiani/.m2/repository/io/cucumber/ci-environment/10.0.1/ci-environment-10.0.1.jar:/Users/danielqasemiani/.m2/repository/org/apiguardian/apiguardian-api/1.1.2/apiguardian-api-1.1.2.jar:/Users/danielqasemiani/.m2/repository/io/cucumber/cucumber-junit-platform-engine/7.20.1/cucumber-junit-platform-engine-7.20.1.jar:/Users/danielqasemiani/.m2/repository/org/junit/platform/junit-platform-engine/1.11.2/junit-platform-engine-1.11.2.jar:/Users/danielqasemiani/.m2/repository/org/opentest4j/opentest4j/1.3.0/opentest4j-1.3.0.jar:/Users/danielqasemiani/.m2/repository/org/junit/platform/junit-platform-commons/1.11.2/junit-platform-commons-1.11.2.jar:/Users/danielqasemiani/.m2/repository/org/junit/platform/junit-platform-suite/1.11.2/junit-platform-suite-1.11.2.jar:/Users/danielqasemiani/.m2/repository/org/junit/platform/junit-platform-suite-api/1.11.2/junit-platform-suite-api-1.11.2.jar:/Users/danielqasemiani/.m2/repository/org/junit/platform/junit-platform-suite-engine/1.11.2/junit-platform-suite-engine-1.11.2.jar:/Users/danielqasemiani/.m2/repository/org/junit/platform/junit-platform-suite-commons/1.11.2/junit-platform-suite-commons-1.11.2.jar:/Users/danielqasemiani/.m2/repository/org/junit/platform/junit-platform-launcher/1.11.2/junit-platform-launcher-1.11.2.jar:/Users/danielqasemiani/.m2/repository/org/junit/jupiter/junit-jupiter/5.11.2/junit-jupiter-5.11.2.jar:/Users/danielqasemiani/.m2/repository/org/junit/jupiter/junit-jupiter-api/5.11.2/junit-jupiter-api-5.11.2.jar:/Users/danielqasemiani/.m2/repository/org/junit/jupiter/junit-jupiter-params/5.11.2/junit-jupiter-params-5.11.2.jar:/Users/danielqasemiani/.m2/repository/org/junit/jupiter/junit-jupiter-engine/5.11.2/junit-jupiter-engine-5.11.2.jar:/Users/danielqasemiani/.m2/repository/org/mockito/mockito-core/5.15.2/mockito-core-5.15.2.jar:/Users/danielqasemiani/.m2/repository/net/bytebuddy/byte-buddy/1.15.11/byte-buddy-1.15.11.jar:/Users/danielqasemiani/.m2/repository/net/bytebuddy/byte-buddy-agent/1.15.11/byte-buddy-agent-1.15.11.jar:/Users/danielqasemiani/.m2/repository/org/objenesis/objenesis/3.3/objenesis-3.3.jar:/Users/danielqasemiani/.m2/repository/org/openjfx/javafx-controls/23-ea+3/javafx-controls-23-ea+3.jar:/Users/danielqasemiani/.m2/repository/org/openjfx/javafx-graphics/23-ea+3/javafx-graphics-23-ea+3.jar:/Users/danielqasemiani/.m2/repository/org/openjfx/javafx-base/23-ea+3/javafx-base-23-ea+3.jar:/Users/danielqasemiani/.m2/repository/org/openjfx/javafx-fxml/23-ea+3/javafx-fxml-23-ea+3.jar:"/>
    <property name="java.vm.vendor" value="Homebrew"/>
    <property name="sun.arch.data.model" value="64"/>
    <property name="java.vendor.url" value="https://github.com/Homebrew/homebrew-core/issues"/>
    <property name="user.timezone" value="Europe/Copenhagen"/>
    <property name="os.name" value="Mac OS X"/>
    <property name="java.vm.specification.version" value="23"/>
    <property name="sun.java.launcher" value="SUN_STANDARD"/>
    <property name="user.country" value="DK"/>
    <property name="sun.boot.library.path" value="/opt/homebrew/Cellar/openjdk/23.0.2/libexec/openjdk.jdk/Contents/Home/lib"/>
    <property name="sun.java.command" value="org.apache.maven.surefire.booter.ForkedBooter /Users/danielqasemiani/Desktop/Cyber_Tech/semester 4/02161 Software Engineering 1/Software project/SE-projekt/javaFX_project/target/surefire 2025-05-12T02-20-03_364-jvmRun1 surefire-20250512022003558_1tmp surefire_0-20250512022003558_2tmp"/>
    <property name="http.nonProxyHosts" value="local|*.local|169.254/16|*.169.254/16"/>
    <property name="jdk.debug" value="release"/>
    <property name="surefire.test.class.path" value="/Users/danielqasemiani/Desktop/Cyber_Tech/semester 4/02161 Software Engineering 1/Software project/SE-projekt/javaFX_project/target/test-classes:/Users/danielqasemiani/.m2/repository/io/cucumber/cucumber-java/7.20.1/cucumber-java-7.20.1.jar:/Users/danielqasemiani/.m2/repository/io/cucumber/cucumber-core/7.20.1/cucumber-core-7.20.1.jar:/Users/danielqasemiani/.m2/repository/io/cucumber/cucumber-gherkin/7.20.1/cucumber-gherkin-7.20.1.jar:/Users/danielqasemiani/.m2/repository/io/cucumber/cucumber-gherkin-messages/7.20.1/cucumber-gherkin-messages-7.20.1.jar:/Users/danielqasemiani/.m2/repository/io/cucumber/gherkin/28.0.0/gherkin-28.0.0.jar:/Users/danielqasemiani/.m2/repository/io/cucumber/messages/24.1.0/messages-24.1.0.jar:/Users/danielqasemiani/.m2/repository/io/cucumber/testng-xml-formatter/0.2.0/testng-xml-formatter-0.2.0.jar:/Users/danielqasemiani/.m2/repository/io/cucumber/query/12.2.0/query-12.2.0.jar:/Users/danielqasemiani/.m2/repository/io/cucumber/tag-expressions/6.1.0/tag-expressions-6.1.0.jar:/Users/danielqasemiani/.m2/repository/io/cucumber/cucumber-expressions/17.1.0/cucumber-expressions-17.1.0.jar:/Users/danielqasemiani/.m2/repository/io/cucumber/datatable/7.20.1/datatable-7.20.1.jar:/Users/danielqasemiani/.m2/repository/io/cucumber/cucumber-plugin/7.20.1/cucumber-plugin-7.20.1.jar:/Users/danielqasemiani/.m2/repository/io/cucumber/docstring/7.20.1/docstring-7.20.1.jar:/Users/danielqasemiani/.m2/repository/io/cucumber/html-formatter/21.7.0/html-formatter-21.7.0.jar:/Users/danielqasemiani/.m2/repository/io/cucumber/junit-xml-formatter/0.5.0/junit-xml-formatter-0.5.0.jar:/Users/danielqasemiani/.m2/repository/io/cucumber/ci-environment/10.0.1/ci-environment-10.0.1.jar:/Users/danielqasemiani/.m2/repository/org/apiguardian/apiguardian-api/1.1.2/apiguardian-api-1.1.2.jar:/Users/danielqasemiani/.m2/repository/io/cucumber/cucumber-junit-platform-engine/7.20.1/cucumber-junit-platform-engine-7.20.1.jar:/Users/danielqasemiani/.m2/repository/org/junit/platform/junit-platform-engine/1.11.2/junit-platform-engine-1.11.2.jar:/Users/danielqasemiani/.m2/repository/org/opentest4j/opentest4j/1.3.0/opentest4j-1.3.0.jar:/Users/danielqasemiani/.m2/repository/org/junit/platform/junit-platform-commons/1.11.2/junit-platform-commons-1.11.2.jar:/Users/danielqasemiani/.m2/repository/org/junit/platform/junit-platform-suite/1.11.2/junit-platform-suite-1.11.2.jar:/Users/danielqasemiani/.m2/repository/org/junit/platform/junit-platform-suite-api/1.11.2/junit-platform-suite-api-1.11.2.jar:/Users/danielqasemiani/.m2/repository/org/junit/platform/junit-platform-suite-engine/1.11.2/junit-platform-suite-engine-1.11.2.jar:/Users/danielqasemiani/.m2/repository/org/junit/platform/junit-platform-suite-commons/1.11.2/junit-platform-suite-commons-1.11.2.jar:/Users/danielqasemiani/.m2/repository/org/junit/platform/junit-platform-launcher/1.11.2/junit-platform-launcher-1.11.2.jar:/Users/danielqasemiani/.m2/repository/org/junit/jupiter/junit-jupiter/5.11.2/junit-jupiter-5.11.2.jar:/Users/danielqasemiani/.m2/repository/org/junit/jupiter/junit-jupiter-api/5.11.2/junit-jupiter-api-5.11.2.jar:/Users/danielqasemiani/.m2/repository/org/junit/jupiter/junit-jupiter-params/5.11.2/junit-jupiter-params-5.11.2.jar:/Users/danielqasemiani/.m2/repository/org/junit/jupiter/junit-jupiter-engine/5.11.2/junit-jupiter-engine-5.11.2.jar:/Users/danielqasemiani/.m2/repository/org/mockito/mockito-core/5.15.2/mockito-core-5.15.2.jar:/Users/danielqasemiani/.m2/repository/net/bytebuddy/byte-buddy/1.15.11/byte-buddy-1.15.11.jar:/Users/danielqasemiani/.m2/repository/net/bytebuddy/byte-buddy-agent/1.15.11/byte-buddy-agent-1.15.11.jar:/Users/danielqasemiani/.m2/repository/org/objenesis/objenesis/3.3/objenesis-3.3.jar:/Users/danielqasemiani/.m2/repository/org/openjfx/javafx-controls/23-ea+3/javafx-controls-23-ea+3.jar:/Users/danielqasemiani/.m2/repository/org/openjfx/javafx-graphics/23-ea+3/javafx-graphics-23-ea+3.jar:/Users/danielqasemiani/.m2/repository/org/openjfx/javafx-base/23-ea+3/javafx-base-23-ea+3.jar:/Users/danielqasemiani/.m2/repository/org/openjfx/javafx-fxml/23-ea+3/javafx-fxml-23-ea+3.jar:"/>
    <property name="sun.cpu.endian" value="little"/>
    <property name="user.home" value="/Users/danielqasemiani"/>
    <property name="user.language" value="en"/>
    <property name="java.specification.vendor" value="Oracle Corporation"/>
    <property name="jdk.module.path" value="/Users/danielqasemiani/Desktop/Cyber_Tech/semester 4/02161 Software Engineering 1/Software project/SE-projekt/javaFX_project/target/classes:/Users/danielqasemiani/.m2/repository/org/openjfx/javafx-controls/23-ea+3/javafx-controls-23-ea+3-mac-aarch64.jar:/Users/danielqasemiani/.m2/repository/org/openjfx/javafx-graphics/23-ea+3/javafx-graphics-23-ea+3-mac-aarch64.jar:/Users/danielqasemiani/.m2/repository/org/openjfx/javafx-base/23-ea+3/javafx-base-23-ea+3-mac-aarch64.jar:/Users/danielqasemiani/.m2/repository/org/openjfx/javafx-fxml/23-ea+3/javafx-fxml-23-ea+3-mac-aarch64.jar"/>
    <property name="java.version.date" value="2025-01-21"/>
    <property name="java.home" value="/opt/homebrew/Cellar/openjdk/23.0.2/libexec/openjdk.jdk/Contents/Home"/>
    <property name="file.separator" value="/"/>
    <property name="basedir" value="/Users/danielqasemiani/Desktop/Cyber_Tech/semester 4/02161 Software Engineering 1/Software project/SE-projekt/javaFX_project"/>
    <property name="java.vm.compressedOopsMode" value="Zero based"/>
    <property name="line.separator" value="&#10;"/>
    <property name="java.vm.specification.vendor" value="Oracle Corporation"/>
    <property name="java.specification.name" value="Java Platform API Specification"/>
    <property name="apple.awt.application.name" value="ForkedBooter"/>
    <property name="surefire.real.class.path" value="/Users/danielqasemiani/.m2/repository/org/apache/maven/surefire/surefire-booter/3.5.1/surefire-booter-3.5.1.jar:/Users/danielqasemiani/.m2/repository/org/apache/maven/surefire/surefire-api/3.5.1/surefire-api-3.5.1.jar:/Users/danielqasemiani/.m2/repository/org/apache/maven/surefire/surefire-extensions-spi/3.5.1/surefire-extensions-spi-3.5.1.jar:/Users/danielqasemiani/.m2/repository/org/apache/maven/surefire/surefire-shared-utils/3.5.1/surefire-shared-utils-3.5.1.jar:/Users/danielqasemiani/.m2/repository/org/apache/maven/surefire/surefire-logger-api/3.5.1/surefire-logger-api-3.5.1.jar:/Users/danielqasemiani/Desktop/Cyber_Tech/semester 4/02161 Software Engineering 1/Software project/SE-projekt/javaFX_project/target/test-classes:/Users/danielqasemiani/.m2/repository/io/cucumber/cucumber-java/7.20.1/cucumber-java-7.20.1.jar:/Users/danielqasemiani/.m2/repository/io/cucumber/cucumber-core/7.20.1/cucumber-core-7.20.1.jar:/Users/danielqasemiani/.m2/repository/io/cucumber/cucumber-gherkin/7.20.1/cucumber-gherkin-7.20.1.jar:/Users/danielqasemiani/.m2/repository/io/cucumber/cucumber-gherkin-messages/7.20.1/cucumber-gherkin-messages-7.20.1.jar:/Users/danielqasemiani/.m2/repository/io/cucumber/gherkin/28.0.0/gherkin-28.0.0.jar:/Users/danielqasemiani/.m2/repository/io/cucumber/messages/24.1.0/messages-24.1.0.jar:/Users/danielqasemiani/.m2/repository/io/cucumber/testng-xml-formatter/0.2.0/testng-xml-formatter-0.2.0.jar:/Users/danielqasemiani/.m2/repository/io/cucumber/query/12.2.0/query-12.2.0.jar:/Users/danielqasemiani/.m2/repository/io/cucumber/tag-expressions/6.1.0/tag-expressions-6.1.0.jar:/Users/danielqasemiani/.m2/repository/io/cucumber/cucumber-expressions/17.1.0/cucumber-expressions-17.1.0.jar:/Users/danielqasemiani/.m2/repository/io/cucumber/datatable/7.20.1/datatable-7.20.1.jar:/Users/danielqasemiani/.m2/repository/io/cucumber/cucumber-plugin/7.20.1/cucumber-plugin-7.20.1.jar:/Users/danielqasemiani/.m2/repository/io/cucumber/docstring/7.20.1/docstring-7.20.1.jar:/Users/danielqasemiani/.m2/repository/io/cucumber/html-formatter/21.7.0/html-formatter-21.7.0.jar:/Users/danielqasemiani/.m2/repository/io/cucumber/junit-xml-formatter/0.5.0/junit-xml-formatter-0.5.0.jar:/Users/danielqasemiani/.m2/repository/io/cucumber/ci-environment/10.0.1/ci-environment-10.0.1.jar:/Users/danielqasemiani/.m2/repository/org/apiguardian/apiguardian-api/1.1.2/apiguardian-api-1.1.2.jar:/Users/danielqasemiani/.m2/repository/io/cucumber/cucumber-junit-platform-engine/7.20.1/cucumber-junit-platform-engine-7.20.1.jar:/Users/danielqasemiani/.m2/repository/org/junit/platform/junit-platform-engine/1.11.2/junit-platform-engine-1.11.2.jar:/Users/danielqasemiani/.m2/repository/org/opentest4j/opentest4j/1.3.0/opentest4j-1.3.0.jar:/Users/danielqasemiani/.m2/repository/org/junit/platform/junit-platform-commons/1.11.2/junit-platform-commons-1.11.2.jar:/Users/danielqasemiani/.m2/repository/org/junit/platform/junit-platform-suite/1.11.2/junit-platform-suite-1.11.2.jar:/Users/danielqasemiani/.m2/repository/org/junit/platform/junit-platform-suite-api/1.11.2/junit-platform-suite-api-1.11.2.jar:/Users/danielqasemiani/.m2/repository/org/junit/platform/junit-platform-suite-engine/1.11.2/junit-platform-suite-engine-1.11.2.jar:/Users/danielqasemiani/.m2/repository/org/junit/platform/junit-platform-suite-commons/1.11.2/junit-platform-suite-commons-1.11.2.jar:/Users/danielqasemiani/.m2/repository/org/junit/platform/junit-platform-launcher/1.11.2/junit-platform-launcher-1.11.2.jar:/Users/danielqasemiani/.m2/repository/org/junit/jupiter/junit-jupiter/5.11.2/junit-jupiter-5.11.2.jar:/Users/danielqasemiani/.m2/repository/org/junit/jupiter/junit-jupiter-api/5.11.2/junit-jupiter-api-5.11.2.jar:/Users/danielqasemiani/.m2/repository/org/junit/jupiter/junit-jupiter-params/5.11.2/junit-jupiter-params-5.11.2.jar:/Users/danielqasemiani/.m2/repository/org/junit/jupiter/junit-jupiter-engine/5.11.2/junit-jupiter-engine-5.11.2.jar:/Users/danielqasemiani/.m2/repository/org/mockito/mockito-core/5.15.2/mockito-core-5.15.2.jar:/Users/danielqasemiani/.m2/repository/net/bytebuddy/byte-buddy/1.15.11/byte-buddy-1.15.11.jar:/Users/danielqasemiani/.m2/repository/net/bytebuddy/byte-buddy-agent/1.15.11/byte-buddy-agent-1.15.11.jar:/Users/danielqasemiani/.m2/repository/org/objenesis/objenesis/3.3/objenesis-3.3.jar:/Users/danielqasemiani/.m2/repository/org/openjfx/javafx-controls/23-ea+3/javafx-controls-23-ea+3.jar:/Users/danielqasemiani/.m2/repository/org/openjfx/javafx-graphics/23-ea+3/javafx-graphics-23-ea+3.jar:/Users/danielqasemiani/.m2/repository/org/openjfx/javafx-base/23-ea+3/javafx-base-23-ea+3.jar:/Users/danielqasemiani/.m2/repository/org/openjfx/javafx-fxml/23-ea+3/javafx-fxml-23-ea+3.jar:/Users/danielqasemiani/.m2/repository/org/apache/maven/surefire/surefire-junit-platform/3.5.1/surefire-junit-platform-3.5.1.jar:/Users/danielqasemiani/.m2/repository/org/apache/maven/surefire/common-java5/3.5.1/common-java5-3.5.1.jar"/>
    <property name="sun.management.compiler" value="HotSpot 64-Bit Tiered Compilers"/>
    <property name="ftp.nonProxyHosts" value="local|*.local|169.254/16|*.169.254/16"/>
    <property name="java.runtime.version" value="23.0.2"/>
    <property name="user.name" value="danielqasemiani"/>
    <property name="stdout.encoding" value="UTF-8"/>
    <property name="path.separator" value=":"/>
    <property name="os.version" value="15.3.2"/>
    <property name="java.runtime.name" value="OpenJDK Runtime Environment"/>
    <property name="file.encoding" value="UTF-8"/>
    <property name="java.vm.name" value="OpenJDK 64-Bit Server VM"/>
    <property name="java.vendor.version" value="Homebrew"/>
    <property name="localRepository" value="/Users/danielqasemiani/.m2/repository"/>
    <property name="java.vendor.url.bug" value="https://github.com/Homebrew/homebrew-core/issues"/>
    <property name="java.io.tmpdir" value="/var/folders/b8/cgxx5nmn4d57z4t8wty30np40000gn/T/"/>
    <property name="java.version" value="23.0.2"/>
    <property name="user.dir" value="/Users/danielqasemiani/Desktop/Cyber_Tech/semester 4/02161 Software Engineering 1/Software project/SE-projekt/javaFX_project"/>
    <property name="os.arch" value="aarch64"/>
    <property name="java.vm.specification.name" value="Java Virtual Machine Specification"/>
    <property name="native.encoding" value="UTF-8"/>
    <property name="java.library.path" value="/Users/danielqasemiani/Library/Java/Extensions:/Library/Java/Extensions:/Network/Library/Java/Extensions:/System/Library/Java/Extensions:/usr/lib/java:."/>
    <property name="java.vm.info" value="mixed mode"/>
    <property name="stderr.encoding" value="UTF-8"/>
    <property name="java.vendor" value="Homebrew"/>
    <property name="java.vm.version" value="23.0.2"/>
    <property name="sun.io.unicode.encoding" value="UnicodeBig"/>
    <property name="socksNonProxyHosts" value="local|*.local|169.254/16|*.169.254/16"/>
    <property name="java.class.version" value="67.0"/>
  </properties>
  <testcase name="Assign employee to activity - Add an employee to an activity" classname="Assign employee to activity" time="0.076">
    <system-err><![CDATA[java.lang.instrument.IllegalClassFormatException: Error while instrumenting sun/util/resources/cldr/provider/CLDRLocaleDataMetaInfo with JaCoCo 0.8.11.202310140853/f33756c.
	at org.jacoco.agent.rt.internal_4742761.CoverageTransformer.transform(CoverageTransformer.java:94)
	at java.instrument/java.lang.instrument.ClassFileTransformer.transform(ClassFileTransformer.java:242)
	at java.instrument/sun.instrument.TransformerManager.transform(TransformerManager.java:188)
	at java.instrument/sun.instrument.InstrumentationImpl.transform(InstrumentationImpl.java:610)
	at java.base/java.lang.ClassLoader.defineClass2(Native Method)
	at java.base/java.lang.ClassLoader.defineClass(ClassLoader.java:1116)
	at java.base/java.security.SecureClassLoader.defineClass(SecureClassLoader.java:182)
	at java.base/jdk.internal.loader.BuiltinClassLoader.defineClass(BuiltinClassLoader.java:821)
	at java.base/jdk.internal.loader.BuiltinClassLoader.findClassInModuleOrNull(BuiltinClassLoader.java:741)
	at java.base/jdk.internal.loader.BuiltinClassLoader.findClass(BuiltinClassLoader.java:621)
	at java.base/java.lang.ClassLoader.loadClass(ClassLoader.java:640)
	at java.base/java.lang.Class.forName(Class.java:669)
	at java.base/java.lang.Class.forName(Class.java:644)
	at java.base/java.util.ServiceLoader.loadProvider(ServiceLoader.java:855)
	at java.base/java.util.ServiceLoader$ModuleServicesLookupIterator.hasNext(ServiceLoader.java:1080)
	at java.base/java.util.ServiceLoader$2.hasNext(ServiceLoader.java:1305)
	at java.base/java.util.ServiceLoader$3.hasNext(ServiceLoader.java:1387)
	at java.base/sun.util.cldr.CLDRLocaleProviderAdapter.lambda$new$0(CLDRLocaleProviderAdapter.java:84)
	at java.base/java.security.AccessController.doPrivileged(AccessController.java:571)
	at java.base/sun.util.cldr.CLDRLocaleProviderAdapter.<init>(CLDRLocaleProviderAdapter.java:83)
	at java.base/jdk.internal.reflect.DirectConstructorHandleAccessor.newInstance(DirectConstructorHandleAccessor.java:62)
	at java.base/java.lang.reflect.Constructor.newInstanceWithCaller(Constructor.java:501)
	at java.base/java.lang.reflect.Constructor.newInstance(Constructor.java:485)
	at java.base/sun.util.locale.provider.LocaleProviderAdapter.forType(LocaleProviderAdapter.java:182)
	at java.base/sun.util.locale.provider.LocaleProviderAdapter.findAdapter(LocaleProviderAdapter.java:281)
	at java.base/sun.util.locale.provider.LocaleProviderAdapter.getAdapter(LocaleProviderAdapter.java:252)
	at java.base/java.text.DateFormatSymbols.getProviderInstance(DateFormatSymbols.java:369)
	at java.base/java.text.DateFormatSymbols.getInstance(DateFormatSymbols.java:347)
	at java.base/java.util.Formatter$FormatSpecifier.print(Formatter.java:4593)
	at java.base/java.util.Formatter$FormatSpecifier.print(Formatter.java:4464)
	at java.base/java.util.Formatter$FormatSpecifier.printDateTime(Formatter.java:3287)
	at java.base/java.util.Formatter$FormatSpecifier.print(Formatter.java:3196)
	at java.base/java.util.Formatter.format(Formatter.java:2807)
	at java.base/java.util.Formatter.format(Formatter.java:2738)
	at java.base/java.lang.String.format(String.java:4481)
	at java.logging/java.util.logging.SimpleFormatter.format(SimpleFormatter.java:181)
	at java.logging/java.util.logging.StreamHandler.publish0(StreamHandler.java:241)
	at java.logging/java.util.logging.StreamHandler.publish(StreamHandler.java:224)
	at java.logging/java.util.logging.ConsoleHandler.publish(ConsoleHandler.java:95)
	at java.logging/java.util.logging.Logger.log(Logger.java:983)
	at io.cucumber.core.logging.LoggerFactory$DelegatingLogger.log(LoggerFactory.java:121)
	at io.cucumber.core.logging.LoggerFactory$DelegatingLogger.warn(LoggerFactory.java:69)
	at io.cucumber.junit.platform.engine.DiscoverySelectorResolver.warnWhenCucumberFeaturesPropertyIsUsed(DiscoverySelectorResolver.java:39)
	at io.cucumber.junit.platform.engine.DiscoverySelectorResolver.resolve(DiscoverySelectorResolver.java:75)
	at io.cucumber.junit.platform.engine.DiscoverySelectorResolver.resolveSelectors(DiscoverySelectorResolver.java:53)
	at io.cucumber.junit.platform.engine.CucumberTestEngine.discover(CucumberTestEngine.java:47)
	at org.junit.platform.launcher.core.EngineDiscoveryOrchestrator.discoverEngineRoot(EngineDiscoveryOrchestrator.java:152)
	at org.junit.platform.launcher.core.EngineDiscoveryOrchestrator.discoverSafely(EngineDiscoveryOrchestrator.java:132)
	at org.junit.platform.launcher.core.EngineDiscoveryOrchestrator.discover(EngineDiscoveryOrchestrator.java:107)
	at org.junit.platform.launcher.core.EngineDiscoveryOrchestrator.discover(EngineDiscoveryOrchestrator.java:97)
	at org.junit.platform.suite.engine.SuiteLauncher.discover(SuiteLauncher.java:57)
	at org.junit.platform.suite.engine.SuiteTestDescriptor.discover(SuiteTestDescriptor.java:105)
	at java.base/java.util.stream.ForEachOps$ForEachOp$OfRef.accept(ForEachOps.java:184)
	at java.base/java.util.stream.ReferencePipeline$3$1.accept(ReferencePipeline.java:215)
	at java.base/java.util.Iterator.forEachRemaining(Iterator.java:133)
	at java.base/java.util.Spliterators$IteratorSpliterator.forEachRemaining(Spliterators.java:1939)
	at java.base/java.util.stream.AbstractPipeline.copyInto(AbstractPipeline.java:570)
	at java.base/java.util.stream.AbstractPipeline.wrapAndCopyInto(AbstractPipeline.java:560)
	at java.base/java.util.stream.ForEachOps$ForEachOp.evaluateSequential(ForEachOps.java:151)
	at java.base/java.util.stream.ForEachOps$ForEachOp$OfRef.evaluateSequential(ForEachOps.java:174)
	at java.base/java.util.stream.AbstractPipeline.evaluate(AbstractPipeline.java:265)
	at java.base/java.util.stream.ReferencePipeline.forEach(ReferencePipeline.java:636)
	at org.junit.platform.suite.engine.DiscoverySelectorResolver.discoverSuites(DiscoverySelectorResolver.java:36)
	at org.junit.platform.suite.engine.DiscoverySelectorResolver.resolveSelectors(DiscoverySelectorResolver.java:42)
	at org.junit.platform.suite.engine.SuiteTestEngine.discover(SuiteTestEngine.java:58)
	at org.junit.platform.launcher.core.EngineDiscoveryOrchestrator.discoverEngineRoot(EngineDiscoveryOrchestrator.java:152)
	at org.junit.platform.launcher.core.EngineDiscoveryOrchestrator.discoverSafely(EngineDiscoveryOrchestrator.java:132)
	at org.junit.platform.launcher.core.EngineDiscoveryOrchestrator.discover(EngineDiscoveryOrchestrator.java:107)
	at org.junit.platform.launcher.core.EngineDiscoveryOrchestrator.discover(EngineDiscoveryOrchestrator.java:78)
	at org.junit.platform.launcher.core.DefaultLauncher.discover(DefaultLauncher.java:99)
	at org.junit.platform.launcher.core.DefaultLauncher.discover(DefaultLauncher.java:77)
	at org.junit.platform.launcher.core.DelegatingLauncher.discover(DelegatingLauncher.java:42)
	at org.apache.maven.surefire.junitplatform.LazyLauncher.discover(LazyLauncher.java:50)
	at org.apache.maven.surefire.junitplatform.TestPlanScannerFilter.accept(TestPlanScannerFilter.java:52)
	at org.apache.maven.surefire.api.util.DefaultScanResult.applyFilter(DefaultScanResult.java:87)
	at org.apache.maven.surefire.junitplatform.JUnitPlatformProvider.scanClasspath(JUnitPlatformProvider.java:142)
	at org.apache.maven.surefire.junitplatform.JUnitPlatformProvider.invoke(JUnitPlatformProvider.java:122)
	at org.apache.maven.surefire.booter.ForkedBooter.runSuitesInProcess(ForkedBooter.java:385)
	at org.apache.maven.surefire.booter.ForkedBooter.execute(ForkedBooter.java:162)
	at org.apache.maven.surefire.booter.ForkedBooter.run(ForkedBooter.java:507)
	at org.apache.maven.surefire.booter.ForkedBooter.main(ForkedBooter.java:495)
Caused by: java.io.IOException: Error while instrumenting sun/util/resources/cldr/provider/CLDRLocaleDataMetaInfo with JaCoCo 0.8.11.202310140853/f33756c.
	at org.jacoco.agent.rt.internal_4742761.core.instr.Instrumenter.instrumentError(Instrumenter.java:161)
	at org.jacoco.agent.rt.internal_4742761.core.instr.Instrumenter.instrument(Instrumenter.java:111)
	at org.jacoco.agent.rt.internal_4742761.CoverageTransformer.transform(CoverageTransformer.java:92)
	... 80 more
Caused by: java.lang.IllegalArgumentException: Unsupported class file major version 67
	at org.jacoco.agent.rt.internal_4742761.asm.ClassReader.<init>(ClassReader.java:200)
	at org.jacoco.agent.rt.internal_4742761.asm.ClassReader.<init>(ClassReader.java:180)
	at org.jacoco.agent.rt.internal_4742761.asm.ClassReader.<init>(ClassReader.java:166)
	at org.jacoco.agent.rt.internal_4742761.core.internal.instr.InstrSupport.classReaderFor(InstrSupport.java:280)
	at org.jacoco.agent.rt.internal_4742761.core.instr.Instrumenter.instrument(Instrumenter.java:77)
	at org.jacoco.agent.rt.internal_4742761.core.instr.Instrumenter.instrument(Instrumenter.java:109)
	... 81 more
java.lang.instrument.IllegalClassFormatException: Error while instrumenting sun/util/resources/provider/LocaleDataProvider with JaCoCo 0.8.11.202310140853/f33756c.
	at org.jacoco.agent.rt.internal_4742761.CoverageTransformer.transform(CoverageTransformer.java:94)
	at java.instrument/java.lang.instrument.ClassFileTransformer.transform(ClassFileTransformer.java:242)
	at java.instrument/sun.instrument.TransformerManager.transform(TransformerManager.java:188)
	at java.instrument/sun.instrument.InstrumentationImpl.transform(InstrumentationImpl.java:610)
	at java.base/java.lang.ClassLoader.defineClass2(Native Method)
	at java.base/java.lang.ClassLoader.defineClass(ClassLoader.java:1116)
	at java.base/java.security.SecureClassLoader.defineClass(SecureClassLoader.java:182)
	at java.base/jdk.internal.loader.BuiltinClassLoader.defineClass(BuiltinClassLoader.java:821)
	at java.base/jdk.internal.loader.BuiltinClassLoader.findClassInModuleOrNull(BuiltinClassLoader.java:741)
	at java.base/jdk.internal.loader.BuiltinClassLoader.findClass(BuiltinClassLoader.java:621)
	at java.base/java.lang.ClassLoader.loadClass(ClassLoader.java:640)
	at java.base/java.lang.Class.forName(Class.java:669)
	at java.base/java.lang.Class.forName(Class.java:644)
	at java.base/java.util.ServiceLoader.loadProvider(ServiceLoader.java:855)
	at java.base/java.util.ServiceLoader$ModuleServicesLookupIterator.hasNext(ServiceLoader.java:1080)
	at java.base/java.util.ServiceLoader$2.hasNext(ServiceLoader.java:1305)
	at java.base/java.util.ServiceLoader$3.hasNext(ServiceLoader.java:1387)
	at java.base/sun.util.resources.Bundles$2.run(Bundles.java:267)
	at java.base/sun.util.resources.Bundles$2.run(Bundles.java:265)
	at java.base/java.security.AccessController.doPrivileged(AccessController.java:319)
	at java.base/sun.util.resources.Bundles.loadBundleFromProviders(Bundles.java:264)
	at java.base/sun.util.resources.Bundles.findBundleOf(Bundles.java:201)
	at java.base/sun.util.resources.Bundles.findBundleOf(Bundles.java:160)
	at java.base/sun.util.resources.Bundles.findBundleOf(Bundles.java:160)
	at java.base/sun.util.resources.Bundles.loadBundleOf(Bundles.java:145)
	at java.base/sun.util.resources.Bundles.of(Bundles.java:106)
	at java.base/sun.util.resources.LocaleData$1.run(LocaleData.java:185)
	at java.base/sun.util.resources.LocaleData$1.run(LocaleData.java:182)
	at java.base/java.security.AccessController.doPrivileged(AccessController.java:319)
	at java.base/sun.util.resources.LocaleData.getBundle(LocaleData.java:182)
	at java.base/sun.util.resources.LocaleData.getDateFormatData(LocaleData.java:145)
	at java.base/java.text.DateFormatSymbols.initializeData(DateFormatSymbols.java:759)
	at java.base/java.text.DateFormatSymbols.<init>(DateFormatSymbols.java:151)
	at java.base/sun.util.locale.provider.DateFormatSymbolsProviderImpl.getInstance(DateFormatSymbolsProviderImpl.java:85)
	at java.base/java.text.DateFormatSymbols.getProviderInstance(DateFormatSymbols.java:371)
	at java.base/java.text.DateFormatSymbols.getInstance(DateFormatSymbols.java:347)
	at java.base/java.util.Formatter$FormatSpecifier.print(Formatter.java:4593)
	at java.base/java.util.Formatter$FormatSpecifier.print(Formatter.java:4464)
	at java.base/java.util.Formatter$FormatSpecifier.printDateTime(Formatter.java:3287)
	at java.base/java.util.Formatter$FormatSpecifier.print(Formatter.java:3196)
	at java.base/java.util.Formatter.format(Formatter.java:2807)
	at java.base/java.util.Formatter.format(Formatter.java:2738)
	at java.base/java.lang.String.format(String.java:4481)
	at java.logging/java.util.logging.SimpleFormatter.format(SimpleFormatter.java:181)
	at java.logging/java.util.logging.StreamHandler.publish0(StreamHandler.java:241)
	at java.logging/java.util.logging.StreamHandler.publish(StreamHandler.java:224)
	at java.logging/java.util.logging.ConsoleHandler.publish(ConsoleHandler.java:95)
	at java.logging/java.util.logging.Logger.log(Logger.java:983)
	at io.cucumber.core.logging.LoggerFactory$DelegatingLogger.log(LoggerFactory.java:121)
	at io.cucumber.core.logging.LoggerFactory$DelegatingLogger.warn(LoggerFactory.java:69)
	at io.cucumber.junit.platform.engine.DiscoverySelectorResolver.warnWhenCucumberFeaturesPropertyIsUsed(DiscoverySelectorResolver.java:39)
	at io.cucumber.junit.platform.engine.DiscoverySelectorResolver.resolve(DiscoverySelectorResolver.java:75)
	at io.cucumber.junit.platform.engine.DiscoverySelectorResolver.resolveSelectors(DiscoverySelectorResolver.java:53)
	at io.cucumber.junit.platform.engine.CucumberTestEngine.discover(CucumberTestEngine.java:47)
	at org.junit.platform.launcher.core.EngineDiscoveryOrchestrator.discoverEngineRoot(EngineDiscoveryOrchestrator.java:152)
	at org.junit.platform.launcher.core.EngineDiscoveryOrchestrator.discoverSafely(EngineDiscoveryOrchestrator.java:132)
	at org.junit.platform.launcher.core.EngineDiscoveryOrchestrator.discover(EngineDiscoveryOrchestrator.java:107)
	at org.junit.platform.launcher.core.EngineDiscoveryOrchestrator.discover(EngineDiscoveryOrchestrator.java:97)
	at org.junit.platform.suite.engine.SuiteLauncher.discover(SuiteLauncher.java:57)
	at org.junit.platform.suite.engine.SuiteTestDescriptor.discover(SuiteTestDescriptor.java:105)
	at java.base/java.util.stream.ForEachOps$ForEachOp$OfRef.accept(ForEachOps.java:184)
	at java.base/java.util.stream.ReferencePipeline$3$1.accept(ReferencePipeline.java:215)
	at java.base/java.util.Iterator.forEachRemaining(Iterator.java:133)
	at java.base/java.util.Spliterators$IteratorSpliterator.forEachRemaining(Spliterators.java:1939)
	at java.base/java.util.stream.AbstractPipeline.copyInto(AbstractPipeline.java:570)
	at java.base/java.util.stream.AbstractPipeline.wrapAndCopyInto(AbstractPipeline.java:560)
	at java.base/java.util.stream.ForEachOps$ForEachOp.evaluateSequential(ForEachOps.java:151)
	at java.base/java.util.stream.ForEachOps$ForEachOp$OfRef.evaluateSequential(ForEachOps.java:174)
	at java.base/java.util.stream.AbstractPipeline.evaluate(AbstractPipeline.java:265)
	at java.base/java.util.stream.ReferencePipeline.forEach(ReferencePipeline.java:636)
	at org.junit.platform.suite.engine.DiscoverySelectorResolver.discoverSuites(DiscoverySelectorResolver.java:36)
	at org.junit.platform.suite.engine.DiscoverySelectorResolver.resolveSelectors(DiscoverySelectorResolver.java:42)
	at org.junit.platform.suite.engine.SuiteTestEngine.discover(SuiteTestEngine.java:58)
	at org.junit.platform.launcher.core.EngineDiscoveryOrchestrator.discoverEngineRoot(EngineDiscoveryOrchestrator.java:152)
	at org.junit.platform.launcher.core.EngineDiscoveryOrchestrator.discoverSafely(EngineDiscoveryOrchestrator.java:132)
	at org.junit.platform.launcher.core.EngineDiscoveryOrchestrator.discover(EngineDiscoveryOrchestrator.java:107)
	at org.junit.platform.launcher.core.EngineDiscoveryOrchestrator.discover(EngineDiscoveryOrchestrator.java:78)
	at org.junit.platform.launcher.core.DefaultLauncher.discover(DefaultLauncher.java:99)
	at org.junit.platform.launcher.core.DefaultLauncher.discover(DefaultLauncher.java:77)
	at org.junit.platform.launcher.core.DelegatingLauncher.discover(DelegatingLauncher.java:42)
	at org.apache.maven.surefire.junitplatform.LazyLauncher.discover(LazyLauncher.java:50)
	at org.apache.maven.surefire.junitplatform.TestPlanScannerFilter.accept(TestPlanScannerFilter.java:52)
	at org.apache.maven.surefire.api.util.DefaultScanResult.applyFilter(DefaultScanResult.java:87)
	at org.apache.maven.surefire.junitplatform.JUnitPlatformProvider.scanClasspath(JUnitPlatformProvider.java:142)
	at org.apache.maven.surefire.junitplatform.JUnitPlatformProvider.invoke(JUnitPlatformProvider.java:122)
	at org.apache.maven.surefire.booter.ForkedBooter.runSuitesInProcess(ForkedBooter.java:385)
	at org.apache.maven.surefire.booter.ForkedBooter.execute(ForkedBooter.java:162)
	at org.apache.maven.surefire.booter.ForkedBooter.run(ForkedBooter.java:507)
	at org.apache.maven.surefire.booter.ForkedBooter.main(ForkedBooter.java:495)
Caused by: java.io.IOException: Error while instrumenting sun/util/resources/provider/LocaleDataProvider with JaCoCo 0.8.11.202310140853/f33756c.
	at org.jacoco.agent.rt.internal_4742761.core.instr.Instrumenter.instrumentError(Instrumenter.java:161)
	at org.jacoco.agent.rt.internal_4742761.core.instr.Instrumenter.instrument(Instrumenter.java:111)
	at org.jacoco.agent.rt.internal_4742761.CoverageTransformer.transform(CoverageTransformer.java:92)
	... 88 more
Caused by: java.lang.IllegalArgumentException: Unsupported class file major version 67
	at org.jacoco.agent.rt.internal_4742761.asm.ClassReader.<init>(ClassReader.java:200)
	at org.jacoco.agent.rt.internal_4742761.asm.ClassReader.<init>(ClassReader.java:180)
	at org.jacoco.agent.rt.internal_4742761.asm.ClassReader.<init>(ClassReader.java:166)
	at org.jacoco.agent.rt.internal_4742761.core.internal.instr.InstrSupport.classReaderFor(InstrSupport.java:280)
	at org.jacoco.agent.rt.internal_4742761.core.instr.Instrumenter.instrument(Instrumenter.java:77)
	at org.jacoco.agent.rt.internal_4742761.core.instr.Instrumenter.instrument(Instrumenter.java:109)
	... 89 more
java.lang.instrument.IllegalClassFormatException: Error while instrumenting sun/text/resources/cldr/ext/FormatData_en_001 with JaCoCo 0.8.11.202310140853/f33756c.
	at org.jacoco.agent.rt.internal_4742761.CoverageTransformer.transform(CoverageTransformer.java:94)
	at java.instrument/java.lang.instrument.ClassFileTransformer.transform(ClassFileTransformer.java:242)
	at java.instrument/sun.instrument.TransformerManager.transform(TransformerManager.java:188)
	at java.instrument/sun.instrument.InstrumentationImpl.transform(InstrumentationImpl.java:610)
	at java.base/java.lang.ClassLoader.defineClass2(Native Method)
	at java.base/java.lang.ClassLoader.defineClass(ClassLoader.java:1116)
	at java.base/java.security.SecureClassLoader.defineClass(SecureClassLoader.java:182)
	at java.base/jdk.internal.loader.BuiltinClassLoader.defineClass(BuiltinClassLoader.java:821)
	at java.base/jdk.internal.loader.BuiltinClassLoader.findClassInModuleOrNull(BuiltinClassLoader.java:741)
	at java.base/jdk.internal.loader.BuiltinClassLoader.findClass(BuiltinClassLoader.java:621)
	at java.base/java.lang.ClassLoader.loadClass(ClassLoader.java:640)
	at java.base/java.lang.Class.forName(Class.java:669)
	at java.base/java.lang.Class.forName(Class.java:644)
	at jdk.localedata/sun.util.resources.provider.LocaleDataProvider.loadResourceBundle(LocaleDataProvider.java:53)
	at jdk.localedata/sun.util.resources.provider.LocaleDataProvider.getBundle(LocaleDataProvider.java:39)
	at java.base/sun.util.resources.Bundles$2.run(Bundles.java:270)
	at java.base/sun.util.resources.Bundles$2.run(Bundles.java:265)
	at java.base/java.security.AccessController.doPrivileged(AccessController.java:319)
	at java.base/sun.util.resources.Bundles.loadBundleFromProviders(Bundles.java:264)
	at java.base/sun.util.resources.Bundles.findBundleOf(Bundles.java:201)
	at java.base/sun.util.resources.Bundles.findBundleOf(Bundles.java:160)
	at java.base/sun.util.resources.Bundles.findBundleOf(Bundles.java:160)
	at java.base/sun.util.resources.Bundles.loadBundleOf(Bundles.java:145)
	at java.base/sun.util.resources.Bundles.of(Bundles.java:106)
	at java.base/sun.util.resources.LocaleData$1.run(LocaleData.java:185)
	at java.base/sun.util.resources.LocaleData$1.run(LocaleData.java:182)
	at java.base/java.security.AccessController.doPrivileged(AccessController.java:319)
	at java.base/sun.util.resources.LocaleData.getBundle(LocaleData.java:182)
	at java.base/sun.util.resources.LocaleData.getDateFormatData(LocaleData.java:145)
	at java.base/java.text.DateFormatSymbols.initializeData(DateFormatSymbols.java:759)
	at java.base/java.text.DateFormatSymbols.<init>(DateFormatSymbols.java:151)
	at java.base/sun.util.locale.provider.DateFormatSymbolsProviderImpl.getInstance(DateFormatSymbolsProviderImpl.java:85)
	at java.base/java.text.DateFormatSymbols.getProviderInstance(DateFormatSymbols.java:371)
	at java.base/java.text.DateFormatSymbols.getInstance(DateFormatSymbols.java:347)
	at java.base/java.util.Formatter$FormatSpecifier.print(Formatter.java:4593)
	at java.base/java.util.Formatter$FormatSpecifier.print(Formatter.java:4464)
	at java.base/java.util.Formatter$FormatSpecifier.printDateTime(Formatter.java:3287)
	at java.base/java.util.Formatter$FormatSpecifier.print(Formatter.java:3196)
	at java.base/java.util.Formatter.format(Formatter.java:2807)
	at java.base/java.util.Formatter.format(Formatter.java:2738)
	at java.base/java.lang.String.format(String.java:4481)
	at java.logging/java.util.logging.SimpleFormatter.format(SimpleFormatter.java:181)
	at java.logging/java.util.logging.StreamHandler.publish0(StreamHandler.java:241)
	at java.logging/java.util.logging.StreamHandler.publish(StreamHandler.java:224)
	at java.logging/java.util.logging.ConsoleHandler.publish(ConsoleHandler.java:95)
	at java.logging/java.util.logging.Logger.log(Logger.java:983)
	at io.cucumber.core.logging.LoggerFactory$DelegatingLogger.log(LoggerFactory.java:121)
	at io.cucumber.core.logging.LoggerFactory$DelegatingLogger.warn(LoggerFactory.java:69)
	at io.cucumber.junit.platform.engine.DiscoverySelectorResolver.warnWhenCucumberFeaturesPropertyIsUsed(DiscoverySelectorResolver.java:39)
	at io.cucumber.junit.platform.engine.DiscoverySelectorResolver.resolve(DiscoverySelectorResolver.java:75)
	at io.cucumber.junit.platform.engine.DiscoverySelectorResolver.resolveSelectors(DiscoverySelectorResolver.java:53)
	at io.cucumber.junit.platform.engine.CucumberTestEngine.discover(CucumberTestEngine.java:47)
	at org.junit.platform.launcher.core.EngineDiscoveryOrchestrator.discoverEngineRoot(EngineDiscoveryOrchestrator.java:152)
	at org.junit.platform.launcher.core.EngineDiscoveryOrchestrator.discoverSafely(EngineDiscoveryOrchestrator.java:132)
	at org.junit.platform.launcher.core.EngineDiscoveryOrchestrator.discover(EngineDiscoveryOrchestrator.java:107)
	at org.junit.platform.launcher.core.EngineDiscoveryOrchestrator.discover(EngineDiscoveryOrchestrator.java:97)
	at org.junit.platform.suite.engine.SuiteLauncher.discover(SuiteLauncher.java:57)
	at org.junit.platform.suite.engine.SuiteTestDescriptor.discover(SuiteTestDescriptor.java:105)
	at java.base/java.util.stream.ForEachOps$ForEachOp$OfRef.accept(ForEachOps.java:184)
	at java.base/java.util.stream.ReferencePipeline$3$1.accept(ReferencePipeline.java:215)
	at java.base/java.util.Iterator.forEachRemaining(Iterator.java:133)
	at java.base/java.util.Spliterators$IteratorSpliterator.forEachRemaining(Spliterators.java:1939)
	at java.base/java.util.stream.AbstractPipeline.copyInto(AbstractPipeline.java:570)
	at java.base/java.util.stream.AbstractPipeline.wrapAndCopyInto(AbstractPipeline.java:560)
	at java.base/java.util.stream.ForEachOps$ForEachOp.evaluateSequential(ForEachOps.java:151)
	at java.base/java.util.stream.ForEachOps$ForEachOp$OfRef.evaluateSequential(ForEachOps.java:174)
	at java.base/java.util.stream.AbstractPipeline.evaluate(AbstractPipeline.java:265)
	at java.base/java.util.stream.ReferencePipeline.forEach(ReferencePipeline.java:636)
	at org.junit.platform.suite.engine.DiscoverySelectorResolver.discoverSuites(DiscoverySelectorResolver.java:36)
	at org.junit.platform.suite.engine.DiscoverySelectorResolver.resolveSelectors(DiscoverySelectorResolver.java:42)
	at org.junit.platform.suite.engine.SuiteTestEngine.discover(SuiteTestEngine.java:58)
	at org.junit.platform.launcher.core.EngineDiscoveryOrchestrator.discoverEngineRoot(EngineDiscoveryOrchestrator.java:152)
	at org.junit.platform.launcher.core.EngineDiscoveryOrchestrator.discoverSafely(EngineDiscoveryOrchestrator.java:132)
	at org.junit.platform.launcher.core.EngineDiscoveryOrchestrator.discover(EngineDiscoveryOrchestrator.java:107)
	at org.junit.platform.launcher.core.EngineDiscoveryOrchestrator.discover(EngineDiscoveryOrchestrator.java:78)
	at org.junit.platform.launcher.core.DefaultLauncher.discover(DefaultLauncher.java:99)
	at org.junit.platform.launcher.core.DefaultLauncher.discover(DefaultLauncher.java:77)
	at org.junit.platform.launcher.core.DelegatingLauncher.discover(DelegatingLauncher.java:42)
	at org.apache.maven.surefire.junitplatform.LazyLauncher.discover(LazyLauncher.java:50)
	at org.apache.maven.surefire.junitplatform.TestPlanScannerFilter.accept(TestPlanScannerFilter.java:52)
	at org.apache.maven.surefire.api.util.DefaultScanResult.applyFilter(DefaultScanResult.java:87)
	at org.apache.maven.surefire.junitplatform.JUnitPlatformProvider.scanClasspath(JUnitPlatformProvider.java:142)
	at org.apache.maven.surefire.junitplatform.JUnitPlatformProvider.invoke(JUnitPlatformProvider.java:122)
	at org.apache.maven.surefire.booter.ForkedBooter.runSuitesInProcess(ForkedBooter.java:385)
	at org.apache.maven.surefire.booter.ForkedBooter.execute(ForkedBooter.java:162)
	at org.apache.maven.surefire.booter.ForkedBooter.run(ForkedBooter.java:507)
	at org.apache.maven.surefire.booter.ForkedBooter.main(ForkedBooter.java:495)
Caused by: java.io.IOException: Error while instrumenting sun/text/resources/cldr/ext/FormatData_en_001 with JaCoCo 0.8.11.202310140853/f33756c.
	at org.jacoco.agent.rt.internal_4742761.core.instr.Instrumenter.instrumentError(Instrumenter.java:161)
	at org.jacoco.agent.rt.internal_4742761.core.instr.Instrumenter.instrument(Instrumenter.java:111)
	at org.jacoco.agent.rt.internal_4742761.CoverageTransformer.transform(CoverageTransformer.java:92)
	... 86 more
Caused by: java.lang.IllegalArgumentException: Unsupported class file major version 67
	at org.jacoco.agent.rt.internal_4742761.asm.ClassReader.<init>(ClassReader.java:200)
	at org.jacoco.agent.rt.internal_4742761.asm.ClassReader.<init>(ClassReader.java:180)
	at org.jacoco.agent.rt.internal_4742761.asm.ClassReader.<init>(ClassReader.java:166)
	at org.jacoco.agent.rt.internal_4742761.core.internal.instr.InstrSupport.classReaderFor(InstrSupport.java:280)
	at org.jacoco.agent.rt.internal_4742761.core.instr.Instrumenter.instrument(Instrumenter.java:77)
	at org.jacoco.agent.rt.internal_4742761.core.instr.Instrumenter.instrument(Instrumenter.java:109)
	... 87 more
java.lang.instrument.IllegalClassFormatException: Error while instrumenting sun/text/resources/cldr/ext/FormatData_en_150 with JaCoCo 0.8.11.202310140853/f33756c.
	at org.jacoco.agent.rt.internal_4742761.CoverageTransformer.transform(CoverageTransformer.java:94)
	at java.instrument/java.lang.instrument.ClassFileTransformer.transform(ClassFileTransformer.java:242)
	at java.instrument/sun.instrument.TransformerManager.transform(TransformerManager.java:188)
	at java.instrument/sun.instrument.InstrumentationImpl.transform(InstrumentationImpl.java:610)
	at java.base/java.lang.ClassLoader.defineClass2(Native Method)
	at java.base/java.lang.ClassLoader.defineClass(ClassLoader.java:1116)
	at java.base/java.security.SecureClassLoader.defineClass(SecureClassLoader.java:182)
	at java.base/jdk.internal.loader.BuiltinClassLoader.defineClass(BuiltinClassLoader.java:821)
	at java.base/jdk.internal.loader.BuiltinClassLoader.findClassInModuleOrNull(BuiltinClassLoader.java:741)
	at java.base/jdk.internal.loader.BuiltinClassLoader.findClass(BuiltinClassLoader.java:621)
	at java.base/java.lang.ClassLoader.loadClass(ClassLoader.java:640)
	at java.base/java.lang.Class.forName(Class.java:669)
	at java.base/java.lang.Class.forName(Class.java:644)
	at jdk.localedata/sun.util.resources.provider.LocaleDataProvider.loadResourceBundle(LocaleDataProvider.java:53)
	at jdk.localedata/sun.util.resources.provider.LocaleDataProvider.getBundle(LocaleDataProvider.java:39)
	at java.base/sun.util.resources.Bundles$2.run(Bundles.java:270)
	at java.base/sun.util.resources.Bundles$2.run(Bundles.java:265)
	at java.base/java.security.AccessController.doPrivileged(AccessController.java:319)
	at java.base/sun.util.resources.Bundles.loadBundleFromProviders(Bundles.java:264)
	at java.base/sun.util.resources.Bundles.findBundleOf(Bundles.java:201)
	at java.base/sun.util.resources.Bundles.findBundleOf(Bundles.java:160)
	at java.base/sun.util.resources.Bundles.loadBundleOf(Bundles.java:145)
	at java.base/sun.util.resources.Bundles.of(Bundles.java:106)
	at java.base/sun.util.resources.LocaleData$1.run(LocaleData.java:185)
	at java.base/sun.util.resources.LocaleData$1.run(LocaleData.java:182)
	at java.base/java.security.AccessController.doPrivileged(AccessController.java:319)
	at java.base/sun.util.resources.LocaleData.getBundle(LocaleData.java:182)
	at java.base/sun.util.resources.LocaleData.getDateFormatData(LocaleData.java:145)
	at java.base/java.text.DateFormatSymbols.initializeData(DateFormatSymbols.java:759)
	at java.base/java.text.DateFormatSymbols.<init>(DateFormatSymbols.java:151)
	at java.base/sun.util.locale.provider.DateFormatSymbolsProviderImpl.getInstance(DateFormatSymbolsProviderImpl.java:85)
	at java.base/java.text.DateFormatSymbols.getProviderInstance(DateFormatSymbols.java:371)
	at java.base/java.text.DateFormatSymbols.getInstance(DateFormatSymbols.java:347)
	at java.base/java.util.Formatter$FormatSpecifier.print(Formatter.java:4593)
	at java.base/java.util.Formatter$FormatSpecifier.print(Formatter.java:4464)
	at java.base/java.util.Formatter$FormatSpecifier.printDateTime(Formatter.java:3287)
	at java.base/java.util.Formatter$FormatSpecifier.print(Formatter.java:3196)
	at java.base/java.util.Formatter.format(Formatter.java:2807)
	at java.base/java.util.Formatter.format(Formatter.java:2738)
	at java.base/java.lang.String.format(String.java:4481)
	at java.logging/java.util.logging.SimpleFormatter.format(SimpleFormatter.java:181)
	at java.logging/java.util.logging.StreamHandler.publish0(StreamHandler.java:241)
	at java.logging/java.util.logging.StreamHandler.publish(StreamHandler.java:224)
	at java.logging/java.util.logging.ConsoleHandler.publish(ConsoleHandler.java:95)
	at java.logging/java.util.logging.Logger.log(Logger.java:983)
	at io.cucumber.core.logging.LoggerFactory$DelegatingLogger.log(LoggerFactory.java:121)
	at io.cucumber.core.logging.LoggerFactory$DelegatingLogger.warn(LoggerFactory.java:69)
	at io.cucumber.junit.platform.engine.DiscoverySelectorResolver.warnWhenCucumberFeaturesPropertyIsUsed(DiscoverySelectorResolver.java:39)
	at io.cucumber.junit.platform.engine.DiscoverySelectorResolver.resolve(DiscoverySelectorResolver.java:75)
	at io.cucumber.junit.platform.engine.DiscoverySelectorResolver.resolveSelectors(DiscoverySelectorResolver.java:53)
	at io.cucumber.junit.platform.engine.CucumberTestEngine.discover(CucumberTestEngine.java:47)
	at org.junit.platform.launcher.core.EngineDiscoveryOrchestrator.discoverEngineRoot(EngineDiscoveryOrchestrator.java:152)
	at org.junit.platform.launcher.core.EngineDiscoveryOrchestrator.discoverSafely(EngineDiscoveryOrchestrator.java:132)
	at org.junit.platform.launcher.core.EngineDiscoveryOrchestrator.discover(EngineDiscoveryOrchestrator.java:107)
	at org.junit.platform.launcher.core.EngineDiscoveryOrchestrator.discover(EngineDiscoveryOrchestrator.java:97)
	at org.junit.platform.suite.engine.SuiteLauncher.discover(SuiteLauncher.java:57)
	at org.junit.platform.suite.engine.SuiteTestDescriptor.discover(SuiteTestDescriptor.java:105)
	at java.base/java.util.stream.ForEachOps$ForEachOp$OfRef.accept(ForEachOps.java:184)
	at java.base/java.util.stream.ReferencePipeline$3$1.accept(ReferencePipeline.java:215)
	at java.base/java.util.Iterator.forEachRemaining(Iterator.java:133)
	at java.base/java.util.Spliterators$IteratorSpliterator.forEachRemaining(Spliterators.java:1939)
	at java.base/java.util.stream.AbstractPipeline.copyInto(AbstractPipeline.java:570)
	at java.base/java.util.stream.AbstractPipeline.wrapAndCopyInto(AbstractPipeline.java:560)
	at java.base/java.util.stream.ForEachOps$ForEachOp.evaluateSequential(ForEachOps.java:151)
	at java.base/java.util.stream.ForEachOps$ForEachOp$OfRef.evaluateSequential(ForEachOps.java:174)
	at java.base/java.util.stream.AbstractPipeline.evaluate(AbstractPipeline.java:265)
	at java.base/java.util.stream.ReferencePipeline.forEach(ReferencePipeline.java:636)
	at org.junit.platform.suite.engine.DiscoverySelectorResolver.discoverSuites(DiscoverySelectorResolver.java:36)
	at org.junit.platform.suite.engine.DiscoverySelectorResolver.resolveSelectors(DiscoverySelectorResolver.java:42)
	at org.junit.platform.suite.engine.SuiteTestEngine.discover(SuiteTestEngine.java:58)
	at org.junit.platform.launcher.core.EngineDiscoveryOrchestrator.discoverEngineRoot(EngineDiscoveryOrchestrator.java:152)
	at org.junit.platform.launcher.core.EngineDiscoveryOrchestrator.discoverSafely(EngineDiscoveryOrchestrator.java:132)
	at org.junit.platform.launcher.core.EngineDiscoveryOrchestrator.discover(EngineDiscoveryOrchestrator.java:107)
	at org.junit.platform.launcher.core.EngineDiscoveryOrchestrator.discover(EngineDiscoveryOrchestrator.java:78)
	at org.junit.platform.launcher.core.DefaultLauncher.discover(DefaultLauncher.java:99)
	at org.junit.platform.launcher.core.DefaultLauncher.discover(DefaultLauncher.java:77)
	at org.junit.platform.launcher.core.DelegatingLauncher.discover(DelegatingLauncher.java:42)
	at org.apache.maven.surefire.junitplatform.LazyLauncher.discover(LazyLauncher.java:50)
	at org.apache.maven.surefire.junitplatform.TestPlanScannerFilter.accept(TestPlanScannerFilter.java:52)
	at org.apache.maven.surefire.api.util.DefaultScanResult.applyFilter(DefaultScanResult.java:87)
	at org.apache.maven.surefire.junitplatform.JUnitPlatformProvider.scanClasspath(JUnitPlatformProvider.java:142)
	at org.apache.maven.surefire.junitplatform.JUnitPlatformProvider.invoke(JUnitPlatformProvider.java:122)
	at org.apache.maven.surefire.booter.ForkedBooter.runSuitesInProcess(ForkedBooter.java:385)
	at org.apache.maven.surefire.booter.ForkedBooter.execute(ForkedBooter.java:162)
	at org.apache.maven.surefire.booter.ForkedBooter.run(ForkedBooter.java:507)
	at org.apache.maven.surefire.booter.ForkedBooter.main(ForkedBooter.java:495)
Caused by: java.io.IOException: Error while instrumenting sun/text/resources/cldr/ext/FormatData_en_150 with JaCoCo 0.8.11.202310140853/f33756c.
	at org.jacoco.agent.rt.internal_4742761.core.instr.Instrumenter.instrumentError(Instrumenter.java:161)
	at org.jacoco.agent.rt.internal_4742761.core.instr.Instrumenter.instrument(Instrumenter.java:111)
	at org.jacoco.agent.rt.internal_4742761.CoverageTransformer.transform(CoverageTransformer.java:92)
	... 85 more
Caused by: java.lang.IllegalArgumentException: Unsupported class file major version 67
	at org.jacoco.agent.rt.internal_4742761.asm.ClassReader.<init>(ClassReader.java:200)
	at org.jacoco.agent.rt.internal_4742761.asm.ClassReader.<init>(ClassReader.java:180)
	at org.jacoco.agent.rt.internal_4742761.asm.ClassReader.<init>(ClassReader.java:166)
	at org.jacoco.agent.rt.internal_4742761.core.internal.instr.InstrSupport.classReaderFor(InstrSupport.java:280)
	at org.jacoco.agent.rt.internal_4742761.core.instr.Instrumenter.instrument(Instrumenter.java:77)
	at org.jacoco.agent.rt.internal_4742761.core.instr.Instrumenter.instrument(Instrumenter.java:109)
	... 86 more
java.lang.instrument.IllegalClassFormatException: Error while instrumenting sun/text/resources/cldr/ext/FormatData_en_DK with JaCoCo 0.8.11.202310140853/f33756c.
	at org.jacoco.agent.rt.internal_4742761.CoverageTransformer.transform(CoverageTransformer.java:94)
	at java.instrument/java.lang.instrument.ClassFileTransformer.transform(ClassFileTransformer.java:242)
	at java.instrument/sun.instrument.TransformerManager.transform(TransformerManager.java:188)
	at java.instrument/sun.instrument.InstrumentationImpl.transform(InstrumentationImpl.java:610)
	at java.base/java.lang.ClassLoader.defineClass2(Native Method)
	at java.base/java.lang.ClassLoader.defineClass(ClassLoader.java:1116)
	at java.base/java.security.SecureClassLoader.defineClass(SecureClassLoader.java:182)
	at java.base/jdk.internal.loader.BuiltinClassLoader.defineClass(BuiltinClassLoader.java:821)
	at java.base/jdk.internal.loader.BuiltinClassLoader.findClassInModuleOrNull(BuiltinClassLoader.java:741)
	at java.base/jdk.internal.loader.BuiltinClassLoader.findClass(BuiltinClassLoader.java:621)
	at java.base/java.lang.ClassLoader.loadClass(ClassLoader.java:640)
	at java.base/java.lang.Class.forName(Class.java:669)
	at java.base/java.lang.Class.forName(Class.java:644)
	at jdk.localedata/sun.util.resources.provider.LocaleDataProvider.loadResourceBundle(LocaleDataProvider.java:53)
	at jdk.localedata/sun.util.resources.provider.LocaleDataProvider.getBundle(LocaleDataProvider.java:39)
	at java.base/sun.util.resources.Bundles$2.run(Bundles.java:270)
	at java.base/sun.util.resources.Bundles$2.run(Bundles.java:265)
	at java.base/java.security.AccessController.doPrivileged(AccessController.java:319)
	at java.base/sun.util.resources.Bundles.loadBundleFromProviders(Bundles.java:264)
	at java.base/sun.util.resources.Bundles.findBundleOf(Bundles.java:201)
	at java.base/sun.util.resources.Bundles.loadBundleOf(Bundles.java:145)
	at java.base/sun.util.resources.Bundles.of(Bundles.java:106)
	at java.base/sun.util.resources.LocaleData$1.run(LocaleData.java:185)
	at java.base/sun.util.resources.LocaleData$1.run(LocaleData.java:182)
	at java.base/java.security.AccessController.doPrivileged(AccessController.java:319)
	at java.base/sun.util.resources.LocaleData.getBundle(LocaleData.java:182)
	at java.base/sun.util.resources.LocaleData.getDateFormatData(LocaleData.java:145)
	at java.base/java.text.DateFormatSymbols.initializeData(DateFormatSymbols.java:759)
	at java.base/java.text.DateFormatSymbols.<init>(DateFormatSymbols.java:151)
	at java.base/sun.util.locale.provider.DateFormatSymbolsProviderImpl.getInstance(DateFormatSymbolsProviderImpl.java:85)
	at java.base/java.text.DateFormatSymbols.getProviderInstance(DateFormatSymbols.java:371)
	at java.base/java.text.DateFormatSymbols.getInstance(DateFormatSymbols.java:347)
	at java.base/java.util.Formatter$FormatSpecifier.print(Formatter.java:4593)
	at java.base/java.util.Formatter$FormatSpecifier.print(Formatter.java:4464)
	at java.base/java.util.Formatter$FormatSpecifier.printDateTime(Formatter.java:3287)
	at java.base/java.util.Formatter$FormatSpecifier.print(Formatter.java:3196)
	at java.base/java.util.Formatter.format(Formatter.java:2807)
	at java.base/java.util.Formatter.format(Formatter.java:2738)
	at java.base/java.lang.String.format(String.java:4481)
	at java.logging/java.util.logging.SimpleFormatter.format(SimpleFormatter.java:181)
	at java.logging/java.util.logging.StreamHandler.publish0(StreamHandler.java:241)
	at java.logging/java.util.logging.StreamHandler.publish(StreamHandler.java:224)
	at java.logging/java.util.logging.ConsoleHandler.publish(ConsoleHandler.java:95)
	at java.logging/java.util.logging.Logger.log(Logger.java:983)
	at io.cucumber.core.logging.LoggerFactory$DelegatingLogger.log(LoggerFactory.java:121)
	at io.cucumber.core.logging.LoggerFactory$DelegatingLogger.warn(LoggerFactory.java:69)
	at io.cucumber.junit.platform.engine.DiscoverySelectorResolver.warnWhenCucumberFeaturesPropertyIsUsed(DiscoverySelectorResolver.java:39)
	at io.cucumber.junit.platform.engine.DiscoverySelectorResolver.resolve(DiscoverySelectorResolver.java:75)
	at io.cucumber.junit.platform.engine.DiscoverySelectorResolver.resolveSelectors(DiscoverySelectorResolver.java:53)
	at io.cucumber.junit.platform.engine.CucumberTestEngine.discover(CucumberTestEngine.java:47)
	at org.junit.platform.launcher.core.EngineDiscoveryOrchestrator.discoverEngineRoot(EngineDiscoveryOrchestrator.java:152)
	at org.junit.platform.launcher.core.EngineDiscoveryOrchestrator.discoverSafely(EngineDiscoveryOrchestrator.java:132)
	at org.junit.platform.launcher.core.EngineDiscoveryOrchestrator.discover(EngineDiscoveryOrchestrator.java:107)
	at org.junit.platform.launcher.core.EngineDiscoveryOrchestrator.discover(EngineDiscoveryOrchestrator.java:97)
	at org.junit.platform.suite.engine.SuiteLauncher.discover(SuiteLauncher.java:57)
	at org.junit.platform.suite.engine.SuiteTestDescriptor.discover(SuiteTestDescriptor.java:105)
	at java.base/java.util.stream.ForEachOps$ForEachOp$OfRef.accept(ForEachOps.java:184)
	at java.base/java.util.stream.ReferencePipeline$3$1.accept(ReferencePipeline.java:215)
	at java.base/java.util.Iterator.forEachRemaining(Iterator.java:133)
	at java.base/java.util.Spliterators$IteratorSpliterator.forEachRemaining(Spliterators.java:1939)
	at java.base/java.util.stream.AbstractPipeline.copyInto(AbstractPipeline.java:570)
	at java.base/java.util.stream.AbstractPipeline.wrapAndCopyInto(AbstractPipeline.java:560)
	at java.base/java.util.stream.ForEachOps$ForEachOp.evaluateSequential(ForEachOps.java:151)
	at java.base/java.util.stream.ForEachOps$ForEachOp$OfRef.evaluateSequential(ForEachOps.java:174)
	at java.base/java.util.stream.AbstractPipeline.evaluate(AbstractPipeline.java:265)
	at java.base/java.util.stream.ReferencePipeline.forEach(ReferencePipeline.java:636)
	at org.junit.platform.suite.engine.DiscoverySelectorResolver.discoverSuites(DiscoverySelectorResolver.java:36)
	at org.junit.platform.suite.engine.DiscoverySelectorResolver.resolveSelectors(DiscoverySelectorResolver.java:42)
	at org.junit.platform.suite.engine.SuiteTestEngine.discover(SuiteTestEngine.java:58)
	at org.junit.platform.launcher.core.EngineDiscoveryOrchestrator.discoverEngineRoot(EngineDiscoveryOrchestrator.java:152)
	at org.junit.platform.launcher.core.EngineDiscoveryOrchestrator.discoverSafely(EngineDiscoveryOrchestrator.java:132)
	at org.junit.platform.launcher.core.EngineDiscoveryOrchestrator.discover(EngineDiscoveryOrchestrator.java:107)
	at org.junit.platform.launcher.core.EngineDiscoveryOrchestrator.discover(EngineDiscoveryOrchestrator.java:78)
	at org.junit.platform.launcher.core.DefaultLauncher.discover(DefaultLauncher.java:99)
	at org.junit.platform.launcher.core.DefaultLauncher.discover(DefaultLauncher.java:77)
	at org.junit.platform.launcher.core.DelegatingLauncher.discover(DelegatingLauncher.java:42)
	at org.apache.maven.surefire.junitplatform.LazyLauncher.discover(LazyLauncher.java:50)
	at org.apache.maven.surefire.junitplatform.TestPlanScannerFilter.accept(TestPlanScannerFilter.java:52)
	at org.apache.maven.surefire.api.util.DefaultScanResult.applyFilter(DefaultScanResult.java:87)
	at org.apache.maven.surefire.junitplatform.JUnitPlatformProvider.scanClasspath(JUnitPlatformProvider.java:142)
	at org.apache.maven.surefire.junitplatform.JUnitPlatformProvider.invoke(JUnitPlatformProvider.java:122)
	at org.apache.maven.surefire.booter.ForkedBooter.runSuitesInProcess(ForkedBooter.java:385)
	at org.apache.maven.surefire.booter.ForkedBooter.execute(ForkedBooter.java:162)
	at org.apache.maven.surefire.booter.ForkedBooter.run(ForkedBooter.java:507)
	at org.apache.maven.surefire.booter.ForkedBooter.main(ForkedBooter.java:495)
Caused by: java.io.IOException: Error while instrumenting sun/text/resources/cldr/ext/FormatData_en_DK with JaCoCo 0.8.11.202310140853/f33756c.
	at org.jacoco.agent.rt.internal_4742761.core.instr.Instrumenter.instrumentError(Instrumenter.java:161)
	at org.jacoco.agent.rt.internal_4742761.core.instr.Instrumenter.instrument(Instrumenter.java:111)
	at org.jacoco.agent.rt.internal_4742761.CoverageTransformer.transform(CoverageTransformer.java:92)
	... 84 more
Caused by: java.lang.IllegalArgumentException: Unsupported class file major version 67
	at org.jacoco.agent.rt.internal_4742761.asm.ClassReader.<init>(ClassReader.java:200)
	at org.jacoco.agent.rt.internal_4742761.asm.ClassReader.<init>(ClassReader.java:180)
	at org.jacoco.agent.rt.internal_4742761.asm.ClassReader.<init>(ClassReader.java:166)
	at org.jacoco.agent.rt.internal_4742761.core.internal.instr.InstrSupport.classReaderFor(InstrSupport.java:280)
	at org.jacoco.agent.rt.internal_4742761.core.instr.Instrumenter.instrument(Instrumenter.java:77)
	at org.jacoco.agent.rt.internal_4742761.core.instr.Instrumenter.instrument(Instrumenter.java:109)
	... 85 more
May 12, 2025 2:20:04 AM io.cucumber.junit.platform.engine.DiscoverySelectorResolver warnWhenCucumberFeaturesPropertyIsUsed
WARNING: Discovering tests using the cucumber.features property. Other discovery selectors are ignored!

This is a work around for the limited JUnit 5 support in Maven and Gradle. Please request/upvote/sponsor/ect better support for JUnit 5 discovery selectors. For details see: https://github.com/cucumber/cucumber-jvm/pull/2498

If you are using the JUnit 5 Suite Engine, Platform Launcher API or Console Launcher you should not use this property. Please consult the JUnit 5 documentation on test selection.
java.lang.instrument.IllegalClassFormatException: Error while instrumenting javax/lang/model/SourceVersion with JaCoCo 0.8.11.202310140853/f33756c.
	at org.jacoco.agent.rt.internal_4742761.CoverageTransformer.transform(CoverageTransformer.java:94)
	at java.instrument/java.lang.instrument.ClassFileTransformer.transform(ClassFileTransformer.java:242)
	at java.instrument/sun.instrument.TransformerManager.transform(TransformerManager.java:188)
	at java.instrument/sun.instrument.InstrumentationImpl.transform(InstrumentationImpl.java:610)
	at java.base/java.lang.ClassLoader.defineClass2(Native Method)
	at java.base/java.lang.ClassLoader.defineClass(ClassLoader.java:1116)
	at java.base/java.security.SecureClassLoader.defineClass(SecureClassLoader.java:182)
	at java.base/jdk.internal.loader.BuiltinClassLoader.defineClass(BuiltinClassLoader.java:821)
	at java.base/jdk.internal.loader.BuiltinClassLoader.findClassInModuleOrNull(BuiltinClassLoader.java:741)
	at java.base/jdk.internal.loader.BuiltinClassLoader.loadClassOrNull(BuiltinClassLoader.java:665)
	at java.base/jdk.internal.loader.BuiltinClassLoader.loadClassOrNull(BuiltinClassLoader.java:700)
	at java.base/jdk.internal.loader.BuiltinClassLoader.loadClassOrNull(BuiltinClassLoader.java:669)
	at java.base/jdk.internal.loader.BuiltinClassLoader.loadClass(BuiltinClassLoader.java:639)
	at java.base/jdk.internal.loader.ClassLoaders$AppClassLoader.loadClass(ClassLoaders.java:188)
	at java.base/java.lang.ClassLoader.loadClass(ClassLoader.java:528)
	at io.cucumber.core.resource.ClasspathSupport.requireValidPackageName(ClasspathSupport.java:41)
	at io.cucumber.core.resource.ClasspathScanner.scanForClassesInPackage(ClasspathScanner.java:49)
	at io.cucumber.core.resource.ClasspathScanner.scanForClassesInPackage(ClasspathScanner.java:115)
	at java.base/java.util.stream.ReferencePipeline$3$1.accept(ReferencePipeline.java:215)
	at java.base/java.util.stream.ReferencePipeline$3$1.accept(ReferencePipeline.java:215)
	at java.base/java.util.stream.ReferencePipeline$2$1.accept(ReferencePipeline.java:197)
	at java.base/java.util.ArrayList$ArrayListSpliterator.forEachRemaining(ArrayList.java:1709)
	at java.base/java.util.stream.AbstractPipeline.copyInto(AbstractPipeline.java:570)
	at java.base/java.util.stream.AbstractPipeline.wrapAndCopyInto(AbstractPipeline.java:560)
	at java.base/java.util.stream.ForEachOps$ForEachOp.evaluateSequential(ForEachOps.java:151)
	at java.base/java.util.stream.ForEachOps$ForEachOp$OfRef.evaluateSequential(ForEachOps.java:174)
	at java.base/java.util.stream.AbstractPipeline.evaluate(AbstractPipeline.java:265)
	at java.base/java.util.stream.ReferencePipeline.forEach(ReferencePipeline.java:636)
	at io.cucumber.java.JavaBackend.loadGlue(JavaBackend.java:41)
	at io.cucumber.core.runner.Runner.<init>(Runner.java:56)
	at io.cucumber.core.runtime.SingletonRunnerSupplier.createRunner(SingletonRunnerSupplier.java:44)
	at io.cucumber.core.runtime.SingletonRunnerSupplier.get(SingletonRunnerSupplier.java:35)
	at io.cucumber.core.runtime.RethrowingThrowableCollector.executeAndThrow(RethrowingThrowableCollector.java:35)
	at io.cucumber.core.runtime.CucumberExecutionContext.getRunner(CucumberExecutionContext.java:140)
	at io.cucumber.core.runtime.CucumberExecutionContext.runBeforeAllHooks(CucumberExecutionContext.java:92)
	at io.cucumber.junit.platform.engine.CucumberEngineExecutionContext.runBeforeAllHooks(CucumberEngineExecutionContext.java:103)
	at io.cucumber.junit.platform.engine.CucumberEngineDescriptor.ifChildren(CucumberEngineDescriptor.java:63)
	at io.cucumber.junit.platform.engine.CucumberEngineDescriptor.before(CucumberEngineDescriptor.java:38)
	at io.cucumber.junit.platform.engine.CucumberEngineDescriptor.before(CucumberEngineDescriptor.java:12)
	at org.junit.platform.engine.support.hierarchical.NodeTestTask.lambda$executeRecursively$6(NodeTestTask.java:153)
	at org.junit.platform.engine.support.hierarchical.ThrowableCollector.execute(ThrowableCollector.java:73)
	at org.junit.platform.engine.support.hierarchical.NodeTestTask.lambda$executeRecursively$8(NodeTestTask.java:146)
	at org.junit.platform.engine.support.hierarchical.Node.around(Node.java:137)
	at org.junit.platform.engine.support.hierarchical.NodeTestTask.lambda$executeRecursively$9(NodeTestTask.java:144)
	at org.junit.platform.engine.support.hierarchical.ThrowableCollector.execute(ThrowableCollector.java:73)
	at org.junit.platform.engine.support.hierarchical.NodeTestTask.executeRecursively(NodeTestTask.java:143)
	at org.junit.platform.engine.support.hierarchical.NodeTestTask.execute(NodeTestTask.java:100)
	at org.junit.platform.engine.support.hierarchical.SameThreadHierarchicalTestExecutorService.submit(SameThreadHierarchicalTestExecutorService.java:35)
	at org.junit.platform.engine.support.hierarchical.HierarchicalTestExecutor.execute(HierarchicalTestExecutor.java:57)
	at org.junit.platform.engine.support.hierarchical.HierarchicalTestEngine.execute(HierarchicalTestEngine.java:54)
	at org.junit.platform.launcher.core.EngineExecutionOrchestrator.execute(EngineExecutionOrchestrator.java:198)
	at org.junit.platform.launcher.core.EngineExecutionOrchestrator.execute(EngineExecutionOrchestrator.java:169)
	at org.junit.platform.launcher.core.EngineExecutionOrchestrator.execute(EngineExecutionOrchestrator.java:93)
	at org.junit.platform.launcher.core.EngineExecutionOrchestrator.execute(EngineExecutionOrchestrator.java:76)
	at org.junit.platform.suite.engine.SuiteLauncher.execute(SuiteLauncher.java:63)
	at org.junit.platform.suite.engine.SuiteTestDescriptor.executeTests(SuiteTestDescriptor.java:168)
	at org.junit.platform.suite.engine.SuiteTestDescriptor.execute(SuiteTestDescriptor.java:137)
	at org.junit.platform.suite.engine.SuiteTestEngine.lambda$execute$0(SuiteTestEngine.java:73)
	at java.base/java.util.stream.ForEachOps$ForEachOp$OfRef.accept(ForEachOps.java:184)
	at java.base/java.util.stream.ReferencePipeline$3$1.accept(ReferencePipeline.java:215)
	at java.base/java.util.Iterator.forEachRemaining(Iterator.java:133)
	at java.base/java.util.Spliterators$IteratorSpliterator.forEachRemaining(Spliterators.java:1939)
	at java.base/java.util.stream.AbstractPipeline.copyInto(AbstractPipeline.java:570)
	at java.base/java.util.stream.AbstractPipeline.wrapAndCopyInto(AbstractPipeline.java:560)
	at java.base/java.util.stream.ForEachOps$ForEachOp.evaluateSequential(ForEachOps.java:151)
	at java.base/java.util.stream.ForEachOps$ForEachOp$OfRef.evaluateSequential(ForEachOps.java:174)
	at java.base/java.util.stream.AbstractPipeline.evaluate(AbstractPipeline.java:265)
	at java.base/java.util.stream.ReferencePipeline.forEach(ReferencePipeline.java:636)
	at org.junit.platform.suite.engine.SuiteTestEngine.execute(SuiteTestEngine.java:73)
	at org.junit.platform.launcher.core.EngineExecutionOrchestrator.execute(EngineExecutionOrchestrator.java:198)
	at org.junit.platform.launcher.core.EngineExecutionOrchestrator.execute(EngineExecutionOrchestrator.java:169)
	at org.junit.platform.launcher.core.EngineExecutionOrchestrator.execute(EngineExecutionOrchestrator.java:93)
	at org.junit.platform.launcher.core.EngineExecutionOrchestrator.lambda$execute$0(EngineExecutionOrchestrator.java:58)
	at org.junit.platform.launcher.core.EngineExecutionOrchestrator.withInterceptedStreams(EngineExecutionOrchestrator.java:141)
	at org.junit.platform.launcher.core.EngineExecutionOrchestrator.execute(EngineExecutionOrchestrator.java:57)
	at org.junit.platform.launcher.core.DefaultLauncher.execute(DefaultLauncher.java:103)
	at org.junit.platform.launcher.core.DefaultLauncher.execute(DefaultLauncher.java:85)
	at org.junit.platform.launcher.core.DelegatingLauncher.execute(DelegatingLauncher.java:47)
	at org.apache.maven.surefire.junitplatform.LazyLauncher.execute(LazyLauncher.java:56)
	at org.apache.maven.surefire.junitplatform.JUnitPlatformProvider.execute(JUnitPlatformProvider.java:184)
	at org.apache.maven.surefire.junitplatform.JUnitPlatformProvider.invokeAllTests(JUnitPlatformProvider.java:148)
	at org.apache.maven.surefire.junitplatform.JUnitPlatformProvider.invoke(JUnitPlatformProvider.java:122)
	at org.apache.maven.surefire.booter.ForkedBooter.runSuitesInProcess(ForkedBooter.java:385)
	at org.apache.maven.surefire.booter.ForkedBooter.execute(ForkedBooter.java:162)
	at org.apache.maven.surefire.booter.ForkedBooter.run(ForkedBooter.java:507)
	at org.apache.maven.surefire.booter.ForkedBooter.main(ForkedBooter.java:495)
Caused by: java.io.IOException: Error while instrumenting javax/lang/model/SourceVersion with JaCoCo 0.8.11.202310140853/f33756c.
	at org.jacoco.agent.rt.internal_4742761.core.instr.Instrumenter.instrumentError(Instrumenter.java:161)
	at org.jacoco.agent.rt.internal_4742761.core.instr.Instrumenter.instrument(Instrumenter.java:111)
	at org.jacoco.agent.rt.internal_4742761.CoverageTransformer.transform(CoverageTransformer.java:92)
	... 85 more
Caused by: java.lang.IllegalArgumentException: Unsupported class file major version 67
	at org.jacoco.agent.rt.internal_4742761.asm.ClassReader.<init>(ClassReader.java:200)
	at org.jacoco.agent.rt.internal_4742761.asm.ClassReader.<init>(ClassReader.java:180)
	at org.jacoco.agent.rt.internal_4742761.asm.ClassReader.<init>(ClassReader.java:166)
	at org.jacoco.agent.rt.internal_4742761.core.internal.instr.InstrSupport.classReaderFor(InstrSupport.java:280)
	at org.jacoco.agent.rt.internal_4742761.core.instr.Instrumenter.instrument(Instrumenter.java:77)
	at org.jacoco.agent.rt.internal_4742761.core.instr.Instrumenter.instrument(Instrumenter.java:109)
	... 86 more
]]></system-err>
  </testcase>
  <testcase name="Assign project leader - Assign a project leader to a project" classname="Assign project leader" time="0.01"/>
  <testcase name="Create activity in a project - Add an activity with details" classname="Create activity in a project" time="0.01"/>
  <testcase name="Create employee - Create employee with 4-letter initials" classname="Create employee" time="0.006"/>
  <testcase name="Create project - Create project with a unique name" classname="Create project" time="0.004"/>
  <testcase name="Register absence - Register vacation hours for an employee" classname="Register absence" time="0.011"/>
  <testcase name="Register work hours - Employee registers hours on an activity" classname="Register work hours" time="0.006"/>
  <testcase name="Remove employee from activity - Remove an assigned employee from an activity" classname="Remove employee from activity" time="0.004"/>
  <testcase name="View project report - View total hours worked in a project" classname="View project report" time="0.004"/>
  <testcase name="View available employees - List employees with no assigned activities" classname="View available employees" time="0.003"/>
</testsuite>