<?xml version="1.0" encoding="UTF-8"?>
<testsuite xmlns:xsi="http://www.w3.org/2001/XMLSchema-instance" xsi:noNamespaceSchemaLocation="https://maven.apache.org/surefire/maven-surefire-plugin/xsd/surefire-test-report.xsd" version="3.0.2" name="hellocucumber.RunCucumberTest" time="0.482" tests="10" errors="0" skipped="0" failures="0">
  <properties>
    <property name="java.specification.version" value="23"/>
    <property name="sun.cpu.isalist" value="amd64"/>
    <property name="sun.jnu.encoding" value="Cp1252"/>
    <property name="java.class.path" value="C:\Users\abbas\OneDrive\Cyberteknologi\02161 - Software Engineering 1\Project\SE-projekt-main\javaFX_project\target\test-classes;C:\Users\abbas\.m2\repository\io\cucumber\cucumber-java\7.20.1\cucumber-java-7.20.1.jar;C:\Users\abbas\.m2\repository\io\cucumber\cucumber-core\7.20.1\cucumber-core-7.20.1.jar;C:\Users\abbas\.m2\repository\io\cucumber\cucumber-gherkin\7.20.1\cucumber-gherkin-7.20.1.jar;C:\Users\abbas\.m2\repository\io\cucumber\cucumber-gherkin-messages\7.20.1\cucumber-gherkin-messages-7.20.1.jar;C:\Users\abbas\.m2\repository\io\cucumber\gherkin\28.0.0\gherkin-28.0.0.jar;C:\Users\abbas\.m2\repository\io\cucumber\messages\24.1.0\messages-24.1.0.jar;C:\Users\abbas\.m2\repository\io\cucumber\testng-xml-formatter\0.2.0\testng-xml-formatter-0.2.0.jar;C:\Users\abbas\.m2\repository\io\cucumber\query\12.2.0\query-12.2.0.jar;C:\Users\abbas\.m2\repository\io\cucumber\tag-expressions\6.1.0\tag-expressions-6.1.0.jar;C:\Users\abbas\.m2\repository\io\cucumber\cucumber-expressions\17.1.0\cucumber-expressions-17.1.0.jar;C:\Users\abbas\.m2\repository\io\cucumber\datatable\7.20.1\datatable-7.20.1.jar;C:\Users\abbas\.m2\repository\io\cucumber\cucumber-plugin\7.20.1\cucumber-plugin-7.20.1.jar;C:\Users\abbas\.m2\repository\io\cucumber\docstring\7.20.1\docstring-7.20.1.jar;C:\Users\abbas\.m2\repository\io\cucumber\html-formatter\21.7.0\html-formatter-21.7.0.jar;C:\Users\abbas\.m2\repository\io\cucumber\junit-xml-formatter\0.5.0\junit-xml-formatter-0.5.0.jar;C:\Users\abbas\.m2\repository\io\cucumber\ci-environment\10.0.1\ci-environment-10.0.1.jar;C:\Users\abbas\.m2\repository\org\apiguardian\apiguardian-api\1.1.2\apiguardian-api-1.1.2.jar;C:\Users\abbas\.m2\repository\io\cucumber\cucumber-junit-platform-engine\7.20.1\cucumber-junit-platform-engine-7.20.1.jar;C:\Users\abbas\.m2\repository\org\junit\platform\junit-platform-engine\1.11.2\junit-platform-engine-1.11.2.jar;C:\Users\abbas\.m2\repository\org\opentest4j\opentest4j\1.3.0\opentest4j-1.3.0.jar;C:\Users\abbas\.m2\repository\org\junit\platform\junit-platform-commons\1.11.2\junit-platform-commons-1.11.2.jar;C:\Users\abbas\.m2\repository\org\junit\platform\junit-platform-suite\1.11.2\junit-platform-suite-1.11.2.jar;C:\Users\abbas\.m2\repository\org\junit\platform\junit-platform-suite-api\1.11.2\junit-platform-suite-api-1.11.2.jar;C:\Users\abbas\.m2\repository\org\junit\platform\junit-platform-suite-engine\1.11.2\junit-platform-suite-engine-1.11.2.jar;C:\Users\abbas\.m2\repository\org\junit\platform\junit-platform-suite-commons\1.11.2\junit-platform-suite-commons-1.11.2.jar;C:\Users\abbas\.m2\repository\org\junit\platform\junit-platform-launcher\1.11.2\junit-platform-launcher-1.11.2.jar;C:\Users\abbas\.m2\repository\org\junit\jupiter\junit-jupiter\5.11.2\junit-jupiter-5.11.2.jar;C:\Users\abbas\.m2\repository\org\junit\jupiter\junit-jupiter-api\5.11.2\junit-jupiter-api-5.11.2.jar;C:\Users\abbas\.m2\repository\org\junit\jupiter\junit-jupiter-params\5.11.2\junit-jupiter-params-5.11.2.jar;C:\Users\abbas\.m2\repository\org\junit\jupiter\junit-jupiter-engine\5.11.2\junit-jupiter-engine-5.11.2.jar;C:\Users\abbas\.m2\repository\org\mockito\mockito-core\5.15.2\mockito-core-5.15.2.jar;C:\Users\abbas\.m2\repository\net\bytebuddy\byte-buddy\1.15.11\byte-buddy-1.15.11.jar;C:\Users\abbas\.m2\repository\net\bytebuddy\byte-buddy-agent\1.15.11\byte-buddy-agent-1.15.11.jar;C:\Users\abbas\.m2\repository\org\objenesis\objenesis\3.3\objenesis-3.3.jar;C:\Users\abbas\.m2\repository\org\openjfx\javafx-controls\23-ea+3\javafx-controls-23-ea+3.jar;C:\Users\abbas\.m2\repository\org\openjfx\javafx-graphics\23-ea+3\javafx-graphics-23-ea+3.jar;C:\Users\abbas\.m2\repository\org\openjfx\javafx-base\23-ea+3\javafx-base-23-ea+3.jar;C:\Users\abbas\.m2\repository\org\openjfx\javafx-fxml\23-ea+3\javafx-fxml-23-ea+3.jar;"/>
    <property name="java.vm.vendor" value="Oracle Corporation"/>
    <property name="sun.arch.data.model" value="64"/>
    <property name="user.variant" value=""/>
    <property name="java.vendor.url" value="https://java.oracle.com/"/>
    <property name="user.timezone" value="Europe/Copenhagen"/>
    <property name="os.name" value="Windows 11"/>
    <property name="java.vm.specification.version" value="23"/>
    <property name="sun.java.launcher" value="SUN_STANDARD"/>
    <property name="user.country" value="DK"/>
    <property name="sun.boot.library.path" value="C:\Program Files\Java\jdk-23\bin"/>
    <property name="sun.java.command" value="org.apache.maven.surefire.booter.ForkedBooter C:\Users\abbas\AppData\Local\Temp\surefire16319790417835295800 2025-05-13T01-32-54_283-jvmRun1 surefire-20250513013254638_1tmp surefire_0-20250513013254638_2tmp"/>
    <property name="jdk.debug" value="release"/>
    <property name="surefire.test.class.path" value="C:\Users\abbas\OneDrive\Cyberteknologi\02161 - Software Engineering 1\Project\SE-projekt-main\javaFX_project\target\test-classes;C:\Users\abbas\.m2\repository\io\cucumber\cucumber-java\7.20.1\cucumber-java-7.20.1.jar;C:\Users\abbas\.m2\repository\io\cucumber\cucumber-core\7.20.1\cucumber-core-7.20.1.jar;C:\Users\abbas\.m2\repository\io\cucumber\cucumber-gherkin\7.20.1\cucumber-gherkin-7.20.1.jar;C:\Users\abbas\.m2\repository\io\cucumber\cucumber-gherkin-messages\7.20.1\cucumber-gherkin-messages-7.20.1.jar;C:\Users\abbas\.m2\repository\io\cucumber\gherkin\28.0.0\gherkin-28.0.0.jar;C:\Users\abbas\.m2\repository\io\cucumber\messages\24.1.0\messages-24.1.0.jar;C:\Users\abbas\.m2\repository\io\cucumber\testng-xml-formatter\0.2.0\testng-xml-formatter-0.2.0.jar;C:\Users\abbas\.m2\repository\io\cucumber\query\12.2.0\query-12.2.0.jar;C:\Users\abbas\.m2\repository\io\cucumber\tag-expressions\6.1.0\tag-expressions-6.1.0.jar;C:\Users\abbas\.m2\repository\io\cucumber\cucumber-expressions\17.1.0\cucumber-expressions-17.1.0.jar;C:\Users\abbas\.m2\repository\io\cucumber\datatable\7.20.1\datatable-7.20.1.jar;C:\Users\abbas\.m2\repository\io\cucumber\cucumber-plugin\7.20.1\cucumber-plugin-7.20.1.jar;C:\Users\abbas\.m2\repository\io\cucumber\docstring\7.20.1\docstring-7.20.1.jar;C:\Users\abbas\.m2\repository\io\cucumber\html-formatter\21.7.0\html-formatter-21.7.0.jar;C:\Users\abbas\.m2\repository\io\cucumber\junit-xml-formatter\0.5.0\junit-xml-formatter-0.5.0.jar;C:\Users\abbas\.m2\repository\io\cucumber\ci-environment\10.0.1\ci-environment-10.0.1.jar;C:\Users\abbas\.m2\repository\org\apiguardian\apiguardian-api\1.1.2\apiguardian-api-1.1.2.jar;C:\Users\abbas\.m2\repository\io\cucumber\cucumber-junit-platform-engine\7.20.1\cucumber-junit-platform-engine-7.20.1.jar;C:\Users\abbas\.m2\repository\org\junit\platform\junit-platform-engine\1.11.2\junit-platform-engine-1.11.2.jar;C:\Users\abbas\.m2\repository\org\opentest4j\opentest4j\1.3.0\opentest4j-1.3.0.jar;C:\Users\abbas\.m2\repository\org\junit\platform\junit-platform-commons\1.11.2\junit-platform-commons-1.11.2.jar;C:\Users\abbas\.m2\repository\org\junit\platform\junit-platform-suite\1.11.2\junit-platform-suite-1.11.2.jar;C:\Users\abbas\.m2\repository\org\junit\platform\junit-platform-suite-api\1.11.2\junit-platform-suite-api-1.11.2.jar;C:\Users\abbas\.m2\repository\org\junit\platform\junit-platform-suite-engine\1.11.2\junit-platform-suite-engine-1.11.2.jar;C:\Users\abbas\.m2\repository\org\junit\platform\junit-platform-suite-commons\1.11.2\junit-platform-suite-commons-1.11.2.jar;C:\Users\abbas\.m2\repository\org\junit\platform\junit-platform-launcher\1.11.2\junit-platform-launcher-1.11.2.jar;C:\Users\abbas\.m2\repository\org\junit\jupiter\junit-jupiter\5.11.2\junit-jupiter-5.11.2.jar;C:\Users\abbas\.m2\repository\org\junit\jupiter\junit-jupiter-api\5.11.2\junit-jupiter-api-5.11.2.jar;C:\Users\abbas\.m2\repository\org\junit\jupiter\junit-jupiter-params\5.11.2\junit-jupiter-params-5.11.2.jar;C:\Users\abbas\.m2\repository\org\junit\jupiter\junit-jupiter-engine\5.11.2\junit-jupiter-engine-5.11.2.jar;C:\Users\abbas\.m2\repository\org\mockito\mockito-core\5.15.2\mockito-core-5.15.2.jar;C:\Users\abbas\.m2\repository\net\bytebuddy\byte-buddy\1.15.11\byte-buddy-1.15.11.jar;C:\Users\abbas\.m2\repository\net\bytebuddy\byte-buddy-agent\1.15.11\byte-buddy-agent-1.15.11.jar;C:\Users\abbas\.m2\repository\org\objenesis\objenesis\3.3\objenesis-3.3.jar;C:\Users\abbas\.m2\repository\org\openjfx\javafx-controls\23-ea+3\javafx-controls-23-ea+3.jar;C:\Users\abbas\.m2\repository\org\openjfx\javafx-graphics\23-ea+3\javafx-graphics-23-ea+3.jar;C:\Users\abbas\.m2\repository\org\openjfx\javafx-base\23-ea+3\javafx-base-23-ea+3.jar;C:\Users\abbas\.m2\repository\org\openjfx\javafx-fxml\23-ea+3\javafx-fxml-23-ea+3.jar;"/>
    <property name="sun.cpu.endian" value="little"/>
    <property name="user.home" value="C:\Users\abbas"/>
    <property name="user.language" value="da"/>
    <property name="java.specification.vendor" value="Oracle Corporation"/>
    <property name="jdk.module.path" value="C:\Users\abbas\OneDrive\Cyberteknologi\02161 - Software Engineering 1\Project\SE-projekt-main\javaFX_project\target\classes;C:\Users\abbas\.m2\repository\org\openjfx\javafx-controls\23-ea+3\javafx-controls-23-ea+3-win.jar;C:\Users\abbas\.m2\repository\org\openjfx\javafx-graphics\23-ea+3\javafx-graphics-23-ea+3-win.jar;C:\Users\abbas\.m2\repository\org\openjfx\javafx-base\23-ea+3\javafx-base-23-ea+3-win.jar;C:\Users\abbas\.m2\repository\org\openjfx\javafx-fxml\23-ea+3\javafx-fxml-23-ea+3-win.jar"/>
    <property name="java.version.date" value="2025-01-21"/>
    <property name="java.home" value="C:\Program Files\Java\jdk-23"/>
    <property name="file.separator" value="\"/>
    <property name="basedir" value="C:\Users\abbas\OneDrive\Cyberteknologi\02161 - Software Engineering 1\Project\SE-projekt-main\javaFX_project"/>
    <property name="java.vm.compressedOopsMode" value="Zero based"/>
    <property name="line.separator" value="&#10;"/>
    <property name="java.vm.specification.vendor" value="Oracle Corporation"/>
    <property name="java.specification.name" value="Java Platform API Specification"/>
    <property name="surefire.real.class.path" value="C:\Users\abbas\.m2\repository\org\apache\maven\surefire\surefire-booter\3.5.1\surefire-booter-3.5.1.jar;C:\Users\abbas\.m2\repository\org\apache\maven\surefire\surefire-api\3.5.1\surefire-api-3.5.1.jar;C:\Users\abbas\.m2\repository\org\apache\maven\surefire\surefire-extensions-spi\3.5.1\surefire-extensions-spi-3.5.1.jar;C:\Users\abbas\.m2\repository\org\apache\maven\surefire\surefire-shared-utils\3.5.1\surefire-shared-utils-3.5.1.jar;C:\Users\abbas\.m2\repository\org\apache\maven\surefire\surefire-logger-api\3.5.1\surefire-logger-api-3.5.1.jar;C:\Users\abbas\OneDrive\Cyberteknologi\02161 - Software Engineering 1\Project\SE-projekt-main\javaFX_project\target\test-classes;C:\Users\abbas\.m2\repository\io\cucumber\cucumber-java\7.20.1\cucumber-java-7.20.1.jar;C:\Users\abbas\.m2\repository\io\cucumber\cucumber-core\7.20.1\cucumber-core-7.20.1.jar;C:\Users\abbas\.m2\repository\io\cucumber\cucumber-gherkin\7.20.1\cucumber-gherkin-7.20.1.jar;C:\Users\abbas\.m2\repository\io\cucumber\cucumber-gherkin-messages\7.20.1\cucumber-gherkin-messages-7.20.1.jar;C:\Users\abbas\.m2\repository\io\cucumber\gherkin\28.0.0\gherkin-28.0.0.jar;C:\Users\abbas\.m2\repository\io\cucumber\messages\24.1.0\messages-24.1.0.jar;C:\Users\abbas\.m2\repository\io\cucumber\testng-xml-formatter\0.2.0\testng-xml-formatter-0.2.0.jar;C:\Users\abbas\.m2\repository\io\cucumber\query\12.2.0\query-12.2.0.jar;C:\Users\abbas\.m2\repository\io\cucumber\tag-expressions\6.1.0\tag-expressions-6.1.0.jar;C:\Users\abbas\.m2\repository\io\cucumber\cucumber-expressions\17.1.0\cucumber-expressions-17.1.0.jar;C:\Users\abbas\.m2\repository\io\cucumber\datatable\7.20.1\datatable-7.20.1.jar;C:\Users\abbas\.m2\repository\io\cucumber\cucumber-plugin\7.20.1\cucumber-plugin-7.20.1.jar;C:\Users\abbas\.m2\repository\io\cucumber\docstring\7.20.1\docstring-7.20.1.jar;C:\Users\abbas\.m2\repository\io\cucumber\html-formatter\21.7.0\html-formatter-21.7.0.jar;C:\Users\abbas\.m2\repository\io\cucumber\junit-xml-formatter\0.5.0\junit-xml-formatter-0.5.0.jar;C:\Users\abbas\.m2\repository\io\cucumber\ci-environment\10.0.1\ci-environment-10.0.1.jar;C:\Users\abbas\.m2\repository\org\apiguardian\apiguardian-api\1.1.2\apiguardian-api-1.1.2.jar;C:\Users\abbas\.m2\repository\io\cucumber\cucumber-junit-platform-engine\7.20.1\cucumber-junit-platform-engine-7.20.1.jar;C:\Users\abbas\.m2\repository\org\junit\platform\junit-platform-engine\1.11.2\junit-platform-engine-1.11.2.jar;C:\Users\abbas\.m2\repository\org\opentest4j\opentest4j\1.3.0\opentest4j-1.3.0.jar;C:\Users\abbas\.m2\repository\org\junit\platform\junit-platform-commons\1.11.2\junit-platform-commons-1.11.2.jar;C:\Users\abbas\.m2\repository\org\junit\platform\junit-platform-suite\1.11.2\junit-platform-suite-1.11.2.jar;C:\Users\abbas\.m2\repository\org\junit\platform\junit-platform-suite-api\1.11.2\junit-platform-suite-api-1.11.2.jar;C:\Users\abbas\.m2\repository\org\junit\platform\junit-platform-suite-engine\1.11.2\junit-platform-suite-engine-1.11.2.jar;C:\Users\abbas\.m2\repository\org\junit\platform\junit-platform-suite-commons\1.11.2\junit-platform-suite-commons-1.11.2.jar;C:\Users\abbas\.m2\repository\org\junit\platform\junit-platform-launcher\1.11.2\junit-platform-launcher-1.11.2.jar;C:\Users\abbas\.m2\repository\org\junit\jupiter\junit-jupiter\5.11.2\junit-jupiter-5.11.2.jar;C:\Users\abbas\.m2\repository\org\junit\jupiter\junit-jupiter-api\5.11.2\junit-jupiter-api-5.11.2.jar;C:\Users\abbas\.m2\repository\org\junit\jupiter\junit-jupiter-params\5.11.2\junit-jupiter-params-5.11.2.jar;C:\Users\abbas\.m2\repository\org\junit\jupiter\junit-jupiter-engine\5.11.2\junit-jupiter-engine-5.11.2.jar;C:\Users\abbas\.m2\repository\org\mockito\mockito-core\5.15.2\mockito-core-5.15.2.jar;C:\Users\abbas\.m2\repository\net\bytebuddy\byte-buddy\1.15.11\byte-buddy-1.15.11.jar;C:\Users\abbas\.m2\repository\net\bytebuddy\byte-buddy-agent\1.15.11\byte-buddy-agent-1.15.11.jar;C:\Users\abbas\.m2\repository\org\objenesis\objenesis\3.3\objenesis-3.3.jar;C:\Users\abbas\.m2\repository\org\openjfx\javafx-controls\23-ea+3\javafx-controls-23-ea+3.jar;C:\Users\abbas\.m2\repository\org\openjfx\javafx-graphics\23-ea+3\javafx-graphics-23-ea+3.jar;C:\Users\abbas\.m2\repository\org\openjfx\javafx-base\23-ea+3\javafx-base-23-ea+3.jar;C:\Users\abbas\.m2\repository\org\openjfx\javafx-fxml\23-ea+3\javafx-fxml-23-ea+3.jar;C:\Users\abbas\.m2\repository\org\apache\maven\surefire\surefire-junit-platform\3.5.1\surefire-junit-platform-3.5.1.jar;C:\Users\abbas\.m2\repository\org\apache\maven\surefire\common-java5\3.5.1\common-java5-3.5.1.jar"/>
    <property name="user.script" value=""/>
    <property name="sun.management.compiler" value="HotSpot 64-Bit Tiered Compilers"/>
    <property name="java.runtime.version" value="23.0.2+7-58"/>
    <property name="user.name" value="abbas"/>
    <property name="stdout.encoding" value="Cp1252"/>
    <property name="path.separator" value=";"/>
    <property name="os.version" value="10.0"/>
    <property name="java.runtime.name" value="Java(TM) SE Runtime Environment"/>
    <property name="file.encoding" value="UTF-8"/>
    <property name="java.vm.name" value="Java HotSpot(TM) 64-Bit Server VM"/>
    <property name="localRepository" value="C:\Users\abbas\.m2\repository"/>
    <property name="java.vendor.url.bug" value="https://bugreport.java.com/bugreport/"/>
    <property name="java.io.tmpdir" value="C:\Users\abbas\AppData\Local\Temp\"/>
    <property name="java.version" value="23.0.2"/>
    <property name="user.dir" value="C:\Users\abbas\OneDrive\Cyberteknologi\02161 - Software Engineering 1\Project\SE-projekt-main\javaFX_project"/>
    <property name="os.arch" value="amd64"/>
    <property name="java.vm.specification.name" value="Java Virtual Machine Specification"/>
    <property name="sun.os.patch.level" value=""/>
    <property name="native.encoding" value="Cp1252"/>
    <property name="java.library.path" value="C:\Program Files\Java\jdk-23\bin;C:\WINDOWS\Sun\Java\bin;C:\WINDOWS\system32;C:\WINDOWS;C:\Users\abbas\Miniconda3;C:\Users\abbas\Miniconda3\Library\mingw-w64\bin;C:\Users\abbas\Miniconda3\Library\usr\bin;C:\Users\abbas\Miniconda3\Library\bin;C:\Users\abbas\Miniconda3\Scripts;C:\Users\abbas\Miniconda3\bin;C:\Program Files\Python313\Scripts;C:\Program Files\Python313;C:\Program Files\Common Files\Oracle\Java\javapath;C:\WINDOWS\system32;C:\WINDOWS;C:\WINDOWS\System32\Wbem;C:\WINDOWS\System32\WindowsPowerShell\v1.0;C:\WINDOWS\System32\OpenSSH;C:\Program Files\PuTTY;C:\Program Files\nodejs;C:\Program Files\Git\cmd;C:\Users\abbas\Downloads\apache-maven-3.9.6-bin\apache-maven-3.9.6\bin;C:\Program Files\Python313\Scripts;C:\Program Files\Python313;C:\Program Files\Common Files\Oracle\Java\javapath;C:\WINDOWS\system32;C:\WINDOWS;C:\WINDOWS\System32\Wbem;C:\WINDOWS\System32\WindowsPowerShell\v1.0;C:\WINDOWS\System32\OpenSSH;C:\Program Files\PuTTY;C:\Program Files\nodejs;C:\Users\abbas\AppData\Local\Microsoft\WindowsApps;C:\Users\abbas\AppData\Local\Programs\Microsoft VS Code\bin;C:\Users\abbas\AppData\Roaming\npm;C:\Users\abbas\Miniconda3\condabin;."/>
    <property name="java.vm.info" value="mixed mode"/>
    <property name="stderr.encoding" value="Cp1252"/>
    <property name="java.vendor" value="Oracle Corporation"/>
    <property name="java.vm.version" value="23.0.2+7-58"/>
    <property name="sun.io.unicode.encoding" value="UnicodeLittle"/>
    <property name="java.class.version" value="67.0"/>
  </properties>
  <testcase name="Assign employee to activity - Add an employee to an activity" classname="Assign employee to activity" time="0.155"/>
  <testcase name="Assign project leader - Assign a project leader to a project" classname="Assign project leader" time="0.018"/>
  <testcase name="Create activity with details - Add an activity with details" classname="Create activity with details" time="0.021"/>
  <testcase name="Create employee - Create employee with 4-letter initials" classname="Create employee" time="0.006"/>
  <testcase name="Create project - Create project with a unique name" classname="Create project" time="0.009"/>
  <testcase name="Register absence - Register vacation for an employee" classname="Register absence" time="0.011"/>
  <testcase name="Register work hours - Employee registers hours on an activity" classname="Register work hours" time="0.008"/>
  <testcase name="Remove employee from activity - Remove an assigned employee from an activity" classname="Remove employee from activity" time="0.011"/>
  <testcase name="View project report - View total hours worked in a project" classname="View project report" time="0.014"/>
  <testcase name="View available employees - List employees with no assigned activities" classname="View available employees" time="0.006"/>
</testsuite>